<?xml version="1.0" encoding="utf-8"?>
<test-run id="2" testcasecount="3" result="Passed" total="3" passed="3" failed="0" inconclusive="0" skipped="0" asserts="0" engine-version="3.5.0.0" clr-version="4.0.30319.42000" start-time="2026-09-11 07:37:25Z" end-time="2026-09-11 07:37:25Z" duration="0.206536">
  <test-suite type="TestSuite" id="1000" name="Orbis M0" fullname="Orbis M0" runstate="Runnable" testcasecount="291" result="Passed" start-time="2026-09-11 07:37:25Z" end-time="2026-09-11 07:37:25Z" duration="0.206536" total="3" passed="3" failed="0" inconclusive="0" skipped="0" asserts="0">
    <properties>
      <property name="platform" value="EditMode" />
    </properties>
    <test-suite type="Assembly" id="1018" name="Orbis.Game.WorldEditModeTests.dll" fullname="C:/Users/Mirim/.codex/visualizations/2026/09/10/01a08932-ad4d-7dd1-99a5-ab8a6115569e/orbis-m0/Library/ScriptAssemblies/Orbis.Game.WorldEditModeTests.dll" runstate="Runnable" testcasecount="3" result="Passed" start-time="2026-09-11 07:37:25Z" end-time="2026-09-11 07:37:25Z" duration="0.182204" total="3" passed="3" failed="0" inconclusive="0" skipped="0" asserts="0">
      <properties>
        <property name="_PID" value="24908" />
        <property name="_APPDOMAIN" value="Unity Child Domain" />
        <property name="platform" value="EditMode" />
        <property name="EditorOnly" value="True" />
      </properties>
      <test-suite type="TestSuite" id="1019" name="Orbis" fullname="Orbis" runstate="Runnable" testcasecount="3" result="Passed" start-time="2026-09-11 07:37:25Z" end-time="2026-09-11 07:37:25Z" duration="0.181675" total="3" passed="3" failed="0" inconclusive="0" skipped="0" asserts="0">
        <properties />
        <test-suite type="TestSuite" id="1020" name="Game" fullname="Orbis.Game" runstate="Runnable" testcasecount="3" result="Passed" start-time="2026-09-11 07:37:25Z" end-time="2026-09-11 07:37:25Z" duration="0.181464" total="3" passed="3" failed="0" inconclusive="0" skipped="0" asserts="0">
          <properties />
          <test-suite type="TestSuite" id="1021" name="Tests" fullname="Orbis.Game.Tests" runstate="Runnable" testcasecount="3" result="Passed" start-time="2026-09-11 07:37:25Z" end-time="2026-09-11 07:37:25Z" duration="0.181249" total="3" passed="3" failed="0" inconclusive="0" skipped="0" asserts="0">
            <properties />
            <test-suite type="TestFixture" id="1014" name="WorldBiomeTests" fullname="Orbis.Game.Tests.WorldBiomeTests" classname="Orbis.Game.Tests.WorldBiomeTests" runstate="Runnable" testcasecount="3" result="Passed" start-time="2026-09-11 07:37:25Z" end-time="2026-09-11 07:37:25Z" duration="0.179998" total="3" passed="3" failed="0" inconclusive="0" skipped="0" asserts="0">
              <properties />
              <test-case id="1017" name="ExistingPadsFreshwaterAndDryConnectingRoadRemainTraversable" fullname="Orbis.Game.Tests.WorldBiomeTests.ExistingPadsFreshwaterAndDryConnectingRoadRemainTraversable" methodname="ExistingPadsFreshwaterAndDryConnectingRoadRemainTraversable" classname="Orbis.Game.Tests.WorldBiomeTests" runstate="Runnable" seed="441786903" result="Passed" start-time="2026-09-11 07:37:25Z" end-time="2026-09-11 07:37:25Z" duration="0.096961" asserts="0">
                <properties>
                  <property name="retryIteration" value="0" />
                  <property name="repeatIteration" value="0" />
                </properties>
                <output><![CDATA[Maximum one-metre road grade: 0.330259
]]></output>
              </test-case>
              <test-case id="1015" name="FiveRegionsRemainDistinctAndEverySampleIsANormalizedMixture" fullname="Orbis.Game.Tests.WorldBiomeTests.FiveRegionsRemainDistinctAndEverySampleIsANormalizedMixture" methodname="FiveRegionsRemainDistinctAndEverySampleIsANormalizedMixture" classname="Orbis.Game.Tests.WorldBiomeTests" runstate="Runnable" seed="1488191592" result="Passed" start-time="2026-09-11 07:37:25Z" end-time="2026-09-11 07:37:25Z" duration="0.016682" asserts="0">
                <properties>
                  <property name="retryIteration" value="0" />
                  <property name="repeatIteration" value="0" />
                </properties>
              </test-case>
              <test-case id="1016" name="RegionBordersBlendContinuouslyAcrossEveryPairOfSites" fullname="Orbis.Game.Tests.WorldBiomeTests.RegionBordersBlendContinuouslyAcrossEveryPairOfSites" methodname="RegionBordersBlendContinuouslyAcrossEveryPairOfSites" classname="Orbis.Game.Tests.WorldBiomeTests" runstate="Runnable" seed="2041183652" result="Passed" start-time="2026-09-11 07:37:25Z" end-time="2026-09-11 07:37:25Z" duration="0.048196" asserts="0">
                <properties>
                  <property name="retryIteration" value="0" />
                  <property name="repeatIteration" value="0" />
                </properties>
                <output><![CDATA[Saving results to: C:/Users/Mirim/AppData/LocalLow/Orbis/Orbis M0\TestResults.xml
]]></output>
              </test-case>
            </test-suite>
          </test-suite>
        </test-suite>
      </test-suite>
    </test-suite>
  </test-suite>
</test-run>