<?xml version="1.0" encoding="utf-8"?>
<test-run id="2" testcasecount="1" result="Passed" total="1" passed="1" failed="0" inconclusive="0" skipped="0" asserts="0" engine-version="3.5.0.0" clr-version="4.0.30319.42000" start-time="2026-09-11 07:35:45Z" end-time="2026-09-11 07:35:48Z" duration="3.5297406">
  <test-suite type="TestSuite" id="1131" name="Orbis M0" fullname="Orbis M0" runstate="Runnable" testcasecount="65" result="Passed" start-time="2026-09-11 07:35:45Z" end-time="2026-09-11 07:35:48Z" duration="3.529741" total="1" passed="1" failed="0" inconclusive="0" skipped="0" asserts="0">
    <properties>
      <property name="platform" value="PlayMode" />
    </properties>
    <test-suite type="Assembly" id="1029" name="Orbis.Game.PlayModeTests.dll" fullname="C:/Users/Mirim/.codex/visualizations/2026/09/10/01a08932-ad4d-7dd1-99a5-ab8a6115569e/orbis-m0/Library/ScriptAssemblies/Orbis.Game.PlayModeTests.dll" runstate="Runnable" testcasecount="7" result="Passed" start-time="2026-09-11 07:35:45Z" end-time="2026-09-11 07:35:48Z" duration="3.519222" total="1" passed="1" failed="0" inconclusive="0" skipped="0" asserts="0">
      <properties>
        <property name="_PID" value="36260" />
        <property name="_APPDOMAIN" value="Unity Child Domain" />
        <property name="platform" value="PlayMode" />
        <property name="EditorOnly" value="False" />
      </properties>
      <test-suite type="TestSuite" id="1030" name="Orbis" fullname="Orbis" runstate="Runnable" testcasecount="7" result="Passed" start-time="2026-09-11 07:35:45Z" end-time="2026-09-11 07:35:48Z" duration="3.518294" total="1" passed="1" failed="0" inconclusive="0" skipped="0" asserts="0">
        <properties />
        <test-suite type="TestSuite" id="1031" name="Game" fullname="Orbis.Game" runstate="Runnable" testcasecount="7" result="Passed" start-time="2026-09-11 07:35:45Z" end-time="2026-09-11 07:35:48Z" duration="3.517845" total="1" passed="1" failed="0" inconclusive="0" skipped="0" asserts="0">
          <properties />
          <test-suite type="TestSuite" id="1032" name="Tests" fullname="Orbis.Game.Tests" runstate="Runnable" testcasecount="7" result="Passed" start-time="2026-09-11 07:35:45Z" end-time="2026-09-11 07:35:48Z" duration="3.517354" total="1" passed="1" failed="0" inconclusive="0" skipped="0" asserts="0">
            <properties />
            <test-suite type="TestFixture" id="1027" name="WorldVisualTests" fullname="Orbis.Game.Tests.WorldVisualTests" classname="Orbis.Game.Tests.WorldVisualTests" runstate="Runnable" testcasecount="1" result="Passed" start-time="2026-09-11 07:35:45Z" end-time="2026-09-11 07:35:48Z" duration="3.516033" total="1" passed="1" failed="0" inconclusive="0" skipped="0" asserts="0">
              <properties />
              <test-case id="1028" name="ContinuousWorldPreservesCoreAndCanBeInspectedAtFixedViews" fullname="Orbis.Game.Tests.WorldVisualTests.ContinuousWorldPreservesCoreAndCanBeInspectedAtFixedViews" methodname="ContinuousWorldPreservesCoreAndCanBeInspectedAtFixedViews" classname="Orbis.Game.Tests.WorldVisualTests" runstate="Runnable" seed="165252014" result="Passed" start-time="2026-09-11 07:35:45Z" end-time="2026-09-11 07:35:48Z" duration="3.504328" asserts="0">
                <properties>
                  <property name="_JOINTYPE" value="UnityCombinatorial" />
                  <property name="retryIteration" value="0" />
                  <property name="repeatIteration" value="0" />
                </properties>
                <output><![CDATA[Saving results to: C:/Users/Mirim/AppData/LocalLow/Orbis/Orbis M0\TestResults.xml
]]></output>
              </test-case>
            </test-suite>
          </test-suite>
        </test-suite>
      </test-suite>
    </test-suite>
  </test-suite>
</test-run>