<?xml version="1.0" encoding="utf-8"?>
<test-run id="2" testcasecount="292" result="Passed" total="292" passed="292" failed="0" inconclusive="0" skipped="0" asserts="0" engine-version="3.5.0.0" clr-version="4.0.30319.42000" start-time="2026-09-11 10:17:56Z" end-time="2026-09-11 10:17:59Z" duration="2.2088459">
  <test-suite type="TestSuite" id="1000" name="Orbis M0" fullname="Orbis M0" runstate="Runnable" testcasecount="292" result="Passed" start-time="2026-09-11 10:17:56Z" end-time="2026-09-11 10:17:59Z" duration="2.208846" total="292" passed="292" failed="0" inconclusive="0" skipped="0" asserts="0">
    <properties>
      <property name="platform" value="EditMode" />
    </properties>
    <test-suite type="Assembly" id="1010" name="Orbis.Art.EditModeTests.dll" fullname="C:/Users/Mirim/.codex/visualizations/2026/09/10/01a08932-ad4d-7dd1-99a5-ab8a6115569e/orbis-m0/Library/ScriptAssemblies/Orbis.Art.EditModeTests.dll" runstate="Runnable" testcasecount="8" result="Passed" start-time="2026-09-11 10:17:56Z" end-time="2026-09-11 10:17:57Z" duration="0.280669" total="8" passed="8" failed="0" inconclusive="0" skipped="0" asserts="0">
      <properties>
        <property name="_PID" value="33480" />
        <property name="_APPDOMAIN" value="Unity Child Domain" />
        <property name="platform" value="EditMode" />
        <property name="EditorOnly" value="True" />
      </properties>
      <test-suite type="TestSuite" id="1011" name="Orbis" fullname="Orbis" runstate="Runnable" testcasecount="8" result="Passed" start-time="2026-09-11 10:17:56Z" end-time="2026-09-11 10:17:57Z" duration="0.280389" total="8" passed="8" failed="0" inconclusive="0" skipped="0" asserts="0">
        <properties />
        <test-suite type="TestSuite" id="1012" name="Art" fullname="Orbis.Art" runstate="Runnable" testcasecount="8" result="Passed" start-time="2026-09-11 10:17:56Z" end-time="2026-09-11 10:17:57Z" duration="0.280279" total="8" passed="8" failed="0" inconclusive="0" skipped="0" asserts="0">
          <properties />
          <test-suite type="TestSuite" id="1013" name="Tests" fullname="Orbis.Art.Tests" runstate="Runnable" testcasecount="8" result="Passed" start-time="2026-09-11 10:17:56Z" end-time="2026-09-11 10:17:57Z" duration="0.280130" total="8" passed="8" failed="0" inconclusive="0" skipped="0" asserts="0">
            <properties />
            <test-suite type="TestFixture" id="1001" name="ArtAssetTests" fullname="Orbis.Art.Tests.ArtAssetTests" classname="Orbis.Art.Tests.ArtAssetTests" runstate="Runnable" testcasecount="8" result="Passed" start-time="2026-09-11 10:17:56Z" end-time="2026-09-11 10:17:57Z" duration="0.279051" total="8" passed="8" failed="0" inconclusive="0" skipped="0" asserts="0">
              <properties />
              <output><![CDATA[ORBIS animation import diagnostics: C:\Users\Mirim\.codex\visualizations\2026\09\10\01a08932-ad4d-7dd1-99a5-ab8a6115569e\orbis-m0\TestResults\ArtImportDiagnostics.txt
Assets/ImportedAssets/KayKit/CharacterAnimations/Rig_Medium/Rig_Medium_CombatMelee.fbx
m_AnimationImportWarnings: 
Clip 'Melee_1H_Attack_Jump_Chop' has import animation warnings that might lower retargeting quality:
Note: Activate translation DOF on avatar to improve retargeting quality.
	'upperleg.l' has translation animation that will be discarded.

Clip 'Melee_1H_Attack_Slice_Diagonal' has import animation warnings that might lower retargeting quality:
Note: Activate translation DOF on avatar to improve retargeting quality.
	'upperleg.l' has translation animation that will be discarded.

Clip 'Melee_1H_Attack_Stab' has import animation warnings that might lower retargeting quality:
Note: Activate translation DOF on avatar to improve retargeting quality.
	'upperarm.r' has translation animation that will be discarded.
	'upperleg.l' has translation animation that will be discarded.

Clip 'Melee_2H_Attack_Chop' has import animation warnings that might lower retargeting quality:
Note: Activate translation DOF on avatar to improve retargeting quality.
	'upperarm.l' has translation animation that will be discarded.
	'upperarm.r' has translation animation that will be discarded.

Clip 'Melee_2H_Attack_Spin' has import animation warnings that might lower retargeting quality:
Note: Activate translation DOF on avatar to improve retargeting quality.
	'upperarm.l' has translation animation that will be discarded.
	'upperarm.r' has translation animation that will be discarded.

Clip 'Melee_2H_Attack_Stab' has import animation warnings that might lower retargeting quality:
Note: Activate translation DOF on avatar to improve retargeting quality.
	'upperarm.r' has translation animation that will be discarded.

Clip 'Melee_Block' has import animation warnings that might lower retargeting quality:
Note: Activate translation DOF on avatar to improve retargeting quality.
	'upperarm.l' has translation animation that will be discarded.
	'upperleg.l' has translation animation that will be discarded.
	'upperleg.r' has translation animation that will be discarded.

Clip 'Melee_Block_Attack' has import animation warnings that might lower retargeting quality:
Note: Activate translation DOF on avatar to improve retargeting quality.
	'upperarm.l' has translation animation that will be discarded.

Clip 'Melee_Dualwield_Attack_Chop' has import animation warnings that might lower retargeting quality:
Note: Activate translation DOF on avatar to improve retargeting quality.
	'upperarm.l' has translation animation that will be discarded.
	'upperarm.r' has translation animation that will be discarded.
	'upperleg.l' has translation animation that will be discarded.
	'upperleg.r' has translation animation that will be discarded.

Clip 'Melee_Dualwield_Attack_Stab' has import animation warnings that might lower retargeting quality:
Note: Activate translation DOF on avatar to improve retargeting quality.
	'upperarm.l' has translation animation that will be discarded.
	'upperarm.r' has translation animation that will be discarded.

Clip 'Melee_Unarmed_Attack_Kick' has import animation warnings that might lower retargeting quality:
Note: Activate translation DOF on avatar to improve retargeting quality.
	'upperarm.l' has translation animation that will be discarded.
	'upperarm.r' has translation animation that will be discarded.
	'upperleg.l' has translation animation that will be discarded.
	'upperleg.r' has translation animation that will be discarded.

Clip 'Melee_Unarmed_Attack_Punch_A' has import animation warnings that might lower retargeting quality:
Note: Activate translation DOF on avatar to improve retargeting quality.
	'upperarm.r' has translation animation that will be discarded.

Warning: File 'Rig_Medium_CombatMelee' has animation import warnings. See Import Messages in Animation Import Settings for more details.


Assets/ImportedAssets/KayKit/CharacterAnimations/Rig_Medium/Rig_Medium_CombatRanged.fbx
m_AnimationImportWarnings: 
Clip 'Ranged_1H_Aiming' has import animation warnings that might lower retargeting quality:
Note: Activate translation DOF on avatar to improve retargeting quality.
	'upperarm.r' has translation animation that will be discarded.
	'upperleg.l' has translation animation that will be discarded.

Clip 'Ranged_1H_Reload' has import animation warnings that might lower retargeting quality:
Note: Activate translation DOF on avatar to improve retargeting quality.
	'upperarm.l' has translation animation that will be discarded.

Clip 'Ranged_1H_Shoot' has import animation warnings that might lower retargeting quality:
Note: Activate translation DOF on avatar to improve retargeting quality.
	'upperarm.r' has translation animation that will be discarded.
	'upperleg.l' has translation animation that will be discarded.

Clip 'Ranged_2H_Aiming' has import animation warnings that might lower retargeting quality:
Note: Activate translation DOF on avatar to improve retargeting quality.
	'upperarm.l' has translation animation that will be discarded.
	'upperarm.r' has translation animation that will be discarded.
	'upperleg.l' has translation animation that will be discarded.
	'upperleg.r' has translation animation that will be discarded.

Clip 'Ranged_2H_Shoot' has import animation warnings that might lower retargeting quality:
Note: Activate translation DOF on avatar to improve retargeting quality.
	'upperarm.l' has translation animation that will be discarded.
	'upperarm.r' has translation animation that will be discarded.
	'upperleg.l' has translation animation that will be discarded.
	'upperleg.r' has translation animation that will be discarded.

Clip 'Ranged_2H_Shooting' has import animation warnings that might lower retargeting quality:
Note: Activate translation DOF on avatar to improve retargeting quality.
	'upperleg.r' has translation animation that will be discarded.

Clip 'Ranged_Bow_Aiming_Idle' has import animation warnings that might lower retargeting quality:
Note: Activate translation DOF on avatar to improve retargeting quality.
	'upperarm.l' has translation animation that will be discarded.
	'upperarm.r' has translation animation that will be discarded.

Clip 'Ranged_Bow_Draw' has import animation warnings that might lower retargeting quality:
Note: Activate translation DOF on avatar to improve retargeting quality.
	'upperarm.l' has translation animation that will be discarded.
	'upperarm.r' has translation animation that will be discarded.

Clip 'Ranged_Bow_Draw_Up' has import animation warnings that might lower retargeting quality:
Note: Activate translation DOF on avatar to improve retargeting quality.
	'upperarm.l' has translation animation that will be discarded.
	'upperarm.r' has translation animation that will be discarded.

Clip 'Ranged_Bow_Idle' has import animation warnings that might lower retargeting quality:
Note: Activate translation DOF on avatar to improve retargeting quality.
	'upperarm.l' has translation animation that will be discarded.

Clip 'Ranged_Bow_Release' has import animation warnings that might lower retargeting quality:
Note: Activate translation DOF on avatar to improve retargeting quality.
	'upperarm.l' has translation animation that will be discarded.
	'upperarm.r' has translation animation that will be discarded.

Clip 'Ranged_Bow_Release_Up' has import animation warnings that might lower retargeting quality:
Note: Activate translation DOF on avatar to improve retargeting quality.
	'upperarm.l' has translation animation that will be discarded.
	'upperarm.r' has translation animation that will be discarded.

Clip 'Ranged_Magic_Raise' has import animation warnings that might lower retargeting quality:
Note: Activate translation DOF on avatar to improve retargeting quality.
	'upperarm.r' has translation animation that will be discarded.
	'upperleg.r' has translation animation that will be discarded.

Clip 'Ranged_Magic_Shoot' has import animation warnings that might lower retargeting quality:
Note: Activate translation DOF on avatar to improve retargeting quality.
	'upperarm.r' has translation animation that will be discarded.

Clip 'Ranged_Magic_Summon' has import animation warnings that might lower retargeting quality:
Note: Activate translation DOF on avatar to improve retargeting quality.
	'upperleg.r' has translation animation that will be discarded.

Warning: File 'Rig_Medium_CombatRanged' has animation import warnings. See Import Messages in Animation Import Settings for more details.


Assets/ImportedAssets/KayKit/CharacterAnimations/Rig_Medium/Rig_Medium_General.fbx
m_AnimationImportWarnings: 
Clip 'Death_A' has import animation warnings that might lower retargeting quality:
Note: Activate translation DOF on avatar to improve retargeting quality.
	'upperleg.r' has translation animation that will be discarded.

Clip 'Death_B' has import animation warnings that might lower retargeting quality:
Note: Activate translation DOF on avatar to improve retargeting quality.
	'upperleg.l' has translation animation that will be discarded.
	'upperleg.r' has translation animation that will be discarded.

Clip 'Interact' has import animation warnings that might lower retargeting quality:
Note: Activate translation DOF on avatar to improve retargeting quality.
	'upperarm.r' has translation animation that will be discarded.

Clip 'PickUp' has import animation warnings that might lower retargeting quality:
Note: Activate translation DOF on avatar to improve retargeting quality.
	'upperarm.r' has translation animation that will be discarded.

Clip 'Spawn_Air' has import animation warnings that might lower retargeting quality:
Note: Activate translation DOF on avatar to improve retargeting quality.
	'hips' has scale animation that will be discarded.
	'spine' has translation animation that will be discarded.
	'spine' has scale animation that will be discarded.
	'chest' has translation animation that will be discarded.
	'chest' has scale animation that will be discarded.
	'upperarm.l' has translation animation that will be discarded.
	'upperarm.l' has scale animation that will be discarded.
	'lowerarm.l' has translation animation that will be discarded.
	'lowerarm.l' has scale animation that will be discarded.
	'wrist.l' has translation animation that will be discarded.
	'wrist.l' has scale animation that will be discarded.
	'upperarm.r' has translation animation that will be discarded.
	'upperarm.r' has scale animation that will be discarded.
	'lowerarm.r' has translation animation that will be discarded.
	'lowerarm.r' has scale animation that will be discarded.
	'wrist.r' has translation animation that will be discarded.
	'wrist.r' has scale animation that will be discarded.
	'head' has translation animation that will be discarded.
	'head' has scale animation that will be discarded.
	'upperleg.l' has translation animation that will be discarded.
	'upperleg.l' has scale animation that will be discarded.
	'lowerleg.l' has translation animation that will be discarded.
	'lowerleg.l' has scale animation that will be discarded.
	'foot.l' has translation animation that will be discarded.
	'foot.l' has scale animation that will be discarded.
	'toes.l' has translation animation that will be discarded.
	'toes.l' has scale animation that will be discarded.
	'upperleg.r' has translation animation that will be discarded.
	'upperleg.r' has scale animation that will be discarded.
	'lowerleg.r' has translation animation that will be discarded.
	'lowerleg.r' has scale animation that will be discarded.
	'foot.r' has translation animation that will be discarded.
	'foot.r' has scale animation that will be discarded.
	'toes.r' has translation animation that will be discarded.
	'toes.r' has scale animation that will be discarded.

Clip 'Spawn_Ground' has import animation warnings that might lower retargeting quality:
Note: Activate translation DOF on avatar to improve retargeting quality.
	'hips' has scale animation that will be discarded.
	'spine' has translation animation that will be discarded.
	'spine' has scale animation that will be discarded.
	'chest' has translation animation that will be discarded.
	'chest' has scale animation that will be discarded.
	'upperarm.l' has translation animation that will be discarded.
	'upperarm.l' has scale animation that will be discarded.
	'lowerarm.l' has translation animation that will be discarded.
	'lowerarm.l' has scale animation that will be discarded.
	'wrist.l' has translation animation that will be discarded.
	'wrist.l' has scale animation that will be discarded.
	'upperarm.r' has translation animation that will be discarded.
	'upperarm.r' has scale animation that will be discarded.
	'lowerarm.r' has translation animation that will be discarded.
	'lowerarm.r' has scale animation that will be discarded.
	'wrist.r' has translation animation that will be discarded.
	'wrist.r' has scale animation that will be discarded.
	'head' has translation animation that will be discarded.
	'head' has scale animation that will be discarded.
	'upperleg.l' has translation animation that will be discarded.
	'upperleg.l' has scale animation that will be discarded.
	'lowerleg.l' has translation animation that will be discarded.
	'lowerleg.l' has scale animation that will be discarded.
	'foot.l' has translation animation that will be discarded.
	'foot.l' has scale animation that will be discarded.
	'toes.l' has translation animation that will be discarded.
	'toes.l' has scale animation that will be discarded.
	'upperleg.r' has translation animation that will be discarded.
	'upperleg.r' has scale animation that will be discarded.
	'lowerleg.r' has translation animation that will be discarded.
	'lowerleg.r' has scale animation that will be discarded.
	'foot.r' has translation animation that will be discarded.
	'foot.r' has scale animation that will be discarded.
	'toes.r' has translation animation that will be discarded.
	'toes.r' has scale animation that will be discarded.

Clip 'Throw' has import animation warnings that might lower retargeting quality:
Note: Activate translation DOF on avatar to improve retargeting quality.
	'upperarm.l' has translation animation that will be discarded.
	'upperarm.r' has translation animation that will be discarded.
	'upperleg.l' has translation animation that will be discarded.
	'upperleg.r' has translation animation that will be discarded.

Warning: File 'Rig_Medium_General' has animation import warnings. See Import Messages in Animation Import Settings for more details.


Assets/ImportedAssets/KayKit/CharacterAnimations/Rig_Medium/Rig_Medium_MovementAdvanced.fbx
m_AnimationImportWarnings: 
Clip 'Crawling' has import animation warnings that might lower retargeting quality:
Note: Activate translation DOF on avatar to improve retargeting quality.
	'upperarm.l' has translation animation that will be discarded.
	'upperarm.r' has translation animation that will be discarded.
	'upperleg.l' has translation animation that will be discarded.
	'upperleg.r' has translation animation that will be discarded.

Clip 'Crouching' has import animation warnings that might lower retargeting quality:
Note: Activate translation DOF on avatar to improve retargeting quality.
	'upperleg.l' has translation animation that will be discarded.
	'upperleg.r' has translation animation that will be discarded.

Clip 'Dodge_Backward' has import animation warnings that might lower retargeting quality:
Note: Activate translation DOF on avatar to improve retargeting quality.
	'upperleg.l' has translation animation that will be discarded.
	'upperleg.r' has translation animation that will be discarded.

Clip 'Dodge_Forward' has import animation warnings that might lower retargeting quality:
Note: Activate translation DOF on avatar to improve retargeting quality.
	'upperleg.l' has translation animation that will be discarded.
	'upperleg.r' has translation animation that will be discarded.

Clip 'Dodge_Left' has import animation warnings that might lower retargeting quality:
Note: Activate translation DOF on avatar to improve retargeting quality.
	'upperleg.l' has translation animation that will be discarded.

Clip 'Dodge_Right' has import animation warnings that might lower retargeting quality:
Note: Activate translation DOF on avatar to improve retargeting quality.
	'upperleg.r' has translation animation that will be discarded.

Clip 'Running_HoldingBow' has import animation warnings that might lower retargeting quality:
Note: Activate translation DOF on avatar to improve retargeting quality.
	'upperleg.l' has translation animation that will be discarded.
	'upperleg.r' has translation animation that will be discarded.

Clip 'Running_HoldingRifle' has import animation warnings that might lower retargeting quality:
Note: Activate translation DOF on avatar to improve retargeting quality.
	'upperarm.l' has translation animation that will be discarded.
	'upperarm.r' has translation animation that will be discarded.
	'upperleg.l' has translation animation that will be discarded.
	'upperleg.r' has translation animation that will be discarded.

Clip 'Running_Strafe_Left' has import animation warnings that might lower retargeting quality:
Note: Activate translation DOF on avatar to improve retargeting quality.
	'upperarm.l' has translation animation that will be discarded.
	'upperarm.r' has translation animation that will be discarded.
	'upperleg.l' has translation animation that will be discarded.
	'upperleg.r' has translation animation that will be discarded.

Clip 'Running_Strafe_Right' has import animation warnings that might lower retargeting quality:
Note: Activate translation DOF on avatar to improve retargeting quality.
	'upperarm.l' has translation animation that will be discarded.
	'upperarm.r' has translation animation that will be discarded.
	'upperleg.l' has translation animation that will be discarded.
	'upperleg.r' has translation animation that will be discarded.

Clip 'Sneaking' has import animation warnings that might lower retargeting quality:
Note: Activate translation DOF on avatar to improve retargeting quality.
	'upperleg.l' has translation animation that will be discarded.
	'upperleg.r' has translation animation that will be discarded.

Clip 'Walking_Backwards' has import animation warnings that might lower retargeting quality:
Note: Activate translation DOF on avatar to improve retargeting quality.
	'upperarm.r' has translation animation that will be discarded.
	'upperleg.l' has translation animation that will be discarded.
	'upperleg.r' has translation animation that will be discarded.

Warning: File 'Rig_Medium_MovementAdvanced' has animation import warnings. See Import Messages in Animation Import Settings for more details.


Assets/ImportedAssets/KayKit/CharacterAnimations/Rig_Medium/Rig_Medium_MovementBasic.fbx
m_AnimationImportWarnings: 
Clip 'Running_A' has import animation warnings that might lower retargeting quality:
Note: Activate translation DOF on avatar to improve retargeting quality.
	'upperarm.l' has translation animation that will be discarded.
	'upperarm.r' has translation animation that will be discarded.
	'upperleg.l' has translation animation that will be discarded.
	'upperleg.r' has translation animation that will be discarded.

Clip 'Running_B' has import animation warnings that might lower retargeting quality:
Note: Activate translation DOF on avatar to improve retargeting quality.
	'upperarm.l' has translation animation that will be discarded.
	'upperarm.r' has translation animation that will be discarded.
	'upperleg.l' has translation animation that will be discarded.
	'upperleg.r' has translation animation that will be discarded.

Clip 'Walking_A' has import animation warnings that might lower retargeting quality:
Note: Activate translation DOF on avatar to improve retargeting quality.
	'upperleg.l' has translation animation that will be discarded.
	'upperleg.r' has translation animation that will be discarded.

Clip 'Walking_B' has import animation warnings that might lower retargeting quality:
Note: Activate translation DOF on avatar to improve retargeting quality.
	'upperleg.l' has translation animation that will be discarded.
	'upperleg.r' has translation animation that will be discarded.

Clip 'Walking_C' has import animation warnings that might lower retargeting quality:
Note: Activate translation DOF on avatar to improve retargeting quality.
	'upperleg.l' has translation animation that will be discarded.
	'upperleg.r' has translation animation that will be discarded.

Warning: File 'Rig_Medium_MovementBasic' has animation import warnings. See Import Messages in Animation Import Settings for more details.


Assets/ImportedAssets/KayKit/CharacterAnimations/Rig_Medium/Rig_Medium_Simulation.fbx
m_AnimationImportWarnings: 
Clip 'Cheering' has import animation warnings that might lower retargeting quality:
Note: Activate translation DOF on avatar to improve retargeting quality.
	'upperarm.l' has translation animation that will be discarded.
	'upperarm.r' has translation animation that will be discarded.

Clip 'Lie_Down' has import animation warnings that might lower retargeting quality:
Note: Activate translation DOF on avatar to improve retargeting quality.
	'upperarm.l' has translation animation that will be discarded.
	'upperarm.r' has translation animation that will be discarded.
	'upperleg.l' has translation animation that will be discarded.
	'upperleg.r' has translation animation that will be discarded.

Clip 'Lie_StandUp' has import animation warnings that might lower retargeting quality:
Note: Activate translation DOF on avatar to improve retargeting quality.
	'upperarm.l' has translation animation that will be discarded.
	'upperarm.r' has translation animation that will be discarded.
	'upperleg.l' has translation animation that will be discarded.
	'upperleg.r' has translation animation that will be discarded.

Clip 'Sit_Chair_Down' has import animation warnings that might lower retargeting quality:
Note: Activate translation DOF on avatar to improve retargeting quality.
	'upperleg.l' has translation animation that will be discarded.
	'upperleg.r' has translation animation that will be discarded.

Clip 'Sit_Chair_StandUp' has import animation warnings that might lower retargeting quality:
Note: Activate translation DOF on avatar to improve retargeting quality.
	'upperleg.l' has translation animation that will be discarded.
	'upperleg.r' has translation animation that will be discarded.

Clip 'Sit_Floor_Down' has import animation warnings that might lower retargeting quality:
Note: Activate translation DOF on avatar to improve retargeting quality.
	'upperarm.l' has translation animation that will be discarded.
	'upperarm.r' has translation animation that will be discarded.
	'upperleg.l' has translation animation that will be discarded.
	'upperleg.r' has translation animation that will be discarded.

Clip 'Sit_Floor_StandUp' has import animation warnings that might lower retargeting quality:
Note: Activate translation DOF on avatar to improve retargeting quality.
	'upperarm.l' has translation animation that will be discarded.
	'upperarm.r' has translation animation that will be discarded.
	'upperleg.l' has translation animation that will be discarded.
	'upperleg.r' has translation animation that will be discarded.

Clip 'Waving' has import animation warnings that might lower retargeting quality:
Note: Activate translation DOF on avatar to improve retargeting quality.
	'upperarm.r' has translation animation that will be discarded.

Warning: File 'Rig_Medium_Simulation' has animation import warnings. See Import Messages in Animation Import Settings for more details.


Assets/ImportedAssets/KayKit/CharacterAnimations/Rig_Medium/Rig_Medium_Special.fbx
m_AnimationImportWarnings: 
Clip 'EXPERIMENTAL_Medium_Transform' has import animation warnings that might lower retargeting quality:
Note: Activate translation DOF on avatar to improve retargeting quality.
	'hips' has scale animation that will be discarded.
	'spine' has scale animation that will be discarded.
	'chest' has scale animation that will be discarded.
	'upperarm.l' has translation animation that will be discarded.
	'upperarm.l' has scale animation that will be discarded.
	'lowerarm.l' has scale animation that will be discarded.
	'upperarm.r' has translation animation that will be discarded.
	'upperarm.r' has scale animation that will be discarded.
	'lowerarm.r' has scale animation that will be discarded.
	'head' has scale animation that will be discarded.
	'upperleg.l' has translation animation that will be discarded.
	'upperleg.l' has scale animation that will be discarded.
	'upperleg.r' has translation animation that will be discarded.
	'upperleg.r' has scale animation that will be discarded.

Clip 'Skeletons_Awaken_Floor' has import animation warnings that might lower retargeting quality:
Note: Activate translation DOF on avatar to improve retargeting quality.
	'upperarm.l' has translation animation that will be discarded.
	'upperarm.r' has translation animation that will be discarded.
	'upperleg.l' has translation animation that will be discarded.
	'upperleg.r' has translation animation that will be discarded.

Clip 'Skeletons_Awaken_Floor_Long' has import animation warnings that might lower retargeting quality:
Note: Activate translation DOF on avatar to improve retargeting quality.
	'upperarm.l' has translation animation that will be discarded.
	'upperarm.r' has translation animation that will be discarded.
	'upperleg.l' has translation animation that will be discarded.
	'upperleg.r' has translation animation that will be discarded.

Clip 'Skeletons_Awaken_Standing' has import animation warnings that might lower retargeting quality:
Note: Activate translation DOF on avatar to improve retargeting quality.
	'upperarm.l' has translation animation that will be discarded.
	'upperarm.r' has translation animation that will be discarded.
	'upperleg.r' has translation animation that will be discarded.

Clip 'Skeletons_Death' has import animation warnings that might lower retargeting quality:
Note: Activate translation DOF on avatar to improve retargeting quality.
	'upperarm.l' has translation animation that will be discarded.
	'upperleg.r' has translation animation that will be discarded.

Clip 'Skeletons_Death_Resurrect' has import animation warnings that might lower retargeting quality:
Note: Activate translation DOF on avatar to improve retargeting quality.
	'upperarm.l' has translation animation that will be discarded.
	'upperarm.r' has translation animation that will be discarded.
	'upperleg.r' has translation animation that will be discarded.

Clip 'Skeletons_Spawn_Ground' has import animation warnings that might lower retargeting quality:
Note: Activate translation DOF on avatar to improve retargeting quality.
	'upperarm.l' has translation animation that will be discarded.
	'upperarm.r' has translation animation that will be discarded.
	'upperleg.l' has translation animation that will be discarded.

Clip 'Skeletons_Taunt' has import animation warnings that might lower retargeting quality:
Note: Activate translation DOF on avatar to improve retargeting quality.
	'upperleg.r' has translation animation that will be discarded.

Clip 'Skeletons_Taunt_Longer' has import animation warnings that might lower retargeting quality:
Note: Activate translation DOF on avatar to improve retargeting quality.
	'upperarm.r' has translation animation that will be discarded.
	'upperleg.l' has translation animation that will be discarded.
	'upperleg.r' has translation animation that will be discarded.

Clip 'Skeletons_Walking' has import animation warnings that might lower retargeting quality:
Note: Activate translation DOF on avatar to improve retargeting quality.
	'upperleg.l' has translation animation that will be discarded.
	'upperleg.r' has translation animation that will be discarded.

Warning: File 'Rig_Medium_Special' has animation import warnings. See Import Messages in Animation Import Settings for more details.


Assets/ImportedAssets/KayKit/CharacterAnimations/Rig_Medium/Rig_Medium_Tools.fbx
No stored animation or import-log messages.


]]></output>
              <test-case id="1004" name="ActiveMotionImportsBakeRootMotionAndKeepAttacksNonLooping" fullname="Orbis.Art.Tests.ArtAssetTests.ActiveMotionImportsBakeRootMotionAndKeepAttacksNonLooping" methodname="ActiveMotionImportsBakeRootMotionAndKeepAttacksNonLooping" classname="Orbis.Art.Tests.ArtAssetTests" runstate="Runnable" seed="1983812392" result="Passed" start-time="2026-09-11 10:17:56Z" end-time="2026-09-11 10:17:56Z" duration="0.087802" asserts="0">
                <properties>
                  <property name="retryIteration" value="0" />
                  <property name="repeatIteration" value="0" />
                </properties>
              </test-case>
              <test-case id="1007" name="EnvironmentModelsUseLicensedMeshesAndPackSpecificColorsWithoutColliders" fullname="Orbis.Art.Tests.ArtAssetTests.EnvironmentModelsUseLicensedMeshesAndPackSpecificColorsWithoutColliders" methodname="EnvironmentModelsUseLicensedMeshesAndPackSpecificColorsWithoutColliders" classname="Orbis.Art.Tests.ArtAssetTests" runstate="Runnable" seed="507659348" result="Passed" start-time="2026-09-11 10:17:56Z" end-time="2026-09-11 10:17:57Z" duration="0.065488" asserts="0">
                <properties>
                  <property name="retryIteration" value="0" />
                  <property name="repeatIteration" value="0" />
                </properties>
              </test-case>
              <test-case id="1002" name="FiveCharactersUseTheirOwnValidHumanoidAvatarAndMatchingAtlas" fullname="Orbis.Art.Tests.ArtAssetTests.FiveCharactersUseTheirOwnValidHumanoidAvatarAndMatchingAtlas" methodname="FiveCharactersUseTheirOwnValidHumanoidAvatarAndMatchingAtlas" classname="Orbis.Art.Tests.ArtAssetTests" runstate="Runnable" seed="1536310030" result="Passed" start-time="2026-09-11 10:17:57Z" end-time="2026-09-11 10:17:57Z" duration="0.020493" asserts="0">
                <properties>
                  <property name="retryIteration" value="0" />
                  <property name="repeatIteration" value="0" />
                </properties>
              </test-case>
              <test-case id="1005" name="GeneratedCharactersRetainSourceHierarchyScaleAndMeshes" fullname="Orbis.Art.Tests.ArtAssetTests.GeneratedCharactersRetainSourceHierarchyScaleAndMeshes" methodname="GeneratedCharactersRetainSourceHierarchyScaleAndMeshes" classname="Orbis.Art.Tests.ArtAssetTests" runstate="Runnable" seed="927552592" result="Passed" start-time="2026-09-11 10:17:57Z" end-time="2026-09-11 10:17:57Z" duration="0.010661" asserts="0">
                <properties>
                  <property name="retryIteration" value="0" />
                  <property name="repeatIteration" value="0" />
                </properties>
              </test-case>
              <test-case id="1008" name="NineUiIconsReferenceDistinctImportedPngFilesWithAlpha" fullname="Orbis.Art.Tests.ArtAssetTests.NineUiIconsReferenceDistinctImportedPngFilesWithAlpha" methodname="NineUiIconsReferenceDistinctImportedPngFilesWithAlpha" classname="Orbis.Art.Tests.ArtAssetTests" runstate="Runnable" seed="1228480002" result="Passed" start-time="2026-09-11 10:17:57Z" end-time="2026-09-11 10:17:57Z" duration="0.011160" asserts="0">
                <properties>
                  <property name="retryIteration" value="0" />
                  <property name="repeatIteration" value="0" />
                </properties>
              </test-case>
              <test-case id="1003" name="OverridesPreserveTheOriginalSevenStateControllerAndUseActualHumanoidClips" fullname="Orbis.Art.Tests.ArtAssetTests.OverridesPreserveTheOriginalSevenStateControllerAndUseActualHumanoidClips" methodname="OverridesPreserveTheOriginalSevenStateControllerAndUseActualHumanoidClips" classname="Orbis.Art.Tests.ArtAssetTests" runstate="Runnable" seed="194411184" result="Passed" start-time="2026-09-11 10:17:57Z" end-time="2026-09-11 10:17:57Z" duration="0.006611" asserts="0">
                <properties>
                  <property name="retryIteration" value="0" />
                  <property name="repeatIteration" value="0" />
                </properties>
              </test-case>
              <test-case id="1006" name="SharedSwordUsesAnImportedMeshExistingSocketAndVisibleBladeTip" fullname="Orbis.Art.Tests.ArtAssetTests.SharedSwordUsesAnImportedMeshExistingSocketAndVisibleBladeTip" methodname="SharedSwordUsesAnImportedMeshExistingSocketAndVisibleBladeTip" classname="Orbis.Art.Tests.ArtAssetTests" runstate="Runnable" seed="2049562614" result="Passed" start-time="2026-09-11 10:17:57Z" end-time="2026-09-11 10:17:57Z" duration="0.003681" asserts="0">
                <properties>
                  <property name="retryIteration" value="0" />
                  <property name="repeatIteration" value="0" />
                </properties>
              </test-case>
              <test-case id="1009" name="SharedToonAndOutlineShaderCompileAndAnimationSourceIsHonest" fullname="Orbis.Art.Tests.ArtAssetTests.SharedToonAndOutlineShaderCompileAndAnimationSourceIsHonest" methodname="SharedToonAndOutlineShaderCompileAndAnimationSourceIsHonest" classname="Orbis.Art.Tests.ArtAssetTests" runstate="Runnable" seed="968196939" result="Passed" start-time="2026-09-11 10:17:57Z" end-time="2026-09-11 10:17:57Z" duration="0.002789" asserts="0">
                <properties>
                  <property name="retryIteration" value="0" />
                  <property name="repeatIteration" value="0" />
                </properties>
              </test-case>
            </test-suite>
          </test-suite>
        </test-suite>
      </test-suite>
    </test-suite>
    <test-suite type="Assembly" id="1020" name="Orbis.Game.WorldEditModeTests.dll" fullname="C:/Users/Mirim/.codex/visualizations/2026/09/10/01a08932-ad4d-7dd1-99a5-ab8a6115569e/orbis-m0/Library/ScriptAssemblies/Orbis.Game.WorldEditModeTests.dll" runstate="Runnable" testcasecount="4" result="Passed" start-time="2026-09-11 10:17:57Z" end-time="2026-09-11 10:17:57Z" duration="0.385606" total="4" passed="4" failed="0" inconclusive="0" skipped="0" asserts="0">
      <properties>
        <property name="_PID" value="33480" />
        <property name="_APPDOMAIN" value="Unity Child Domain" />
        <property name="platform" value="EditMode" />
        <property name="EditorOnly" value="True" />
      </properties>
      <test-suite type="TestSuite" id="1021" name="Orbis" fullname="Orbis" runstate="Runnable" testcasecount="4" result="Passed" start-time="2026-09-11 10:17:57Z" end-time="2026-09-11 10:17:57Z" duration="0.374614" total="4" passed="4" failed="0" inconclusive="0" skipped="0" asserts="0">
        <properties />
        <test-suite type="TestSuite" id="1022" name="Game" fullname="Orbis.Game" runstate="Runnable" testcasecount="4" result="Passed" start-time="2026-09-11 10:17:57Z" end-time="2026-09-11 10:17:57Z" duration="0.374406" total="4" passed="4" failed="0" inconclusive="0" skipped="0" asserts="0">
          <properties />
          <test-suite type="TestSuite" id="1023" name="Tests" fullname="Orbis.Game.Tests" runstate="Runnable" testcasecount="4" result="Passed" start-time="2026-09-11 10:17:57Z" end-time="2026-09-11 10:17:57Z" duration="0.374244" total="4" passed="4" failed="0" inconclusive="0" skipped="0" asserts="0">
            <properties />
            <test-suite type="TestFixture" id="1014" name="WorldBiomeTests" fullname="Orbis.Game.Tests.WorldBiomeTests" classname="Orbis.Game.Tests.WorldBiomeTests" runstate="Runnable" testcasecount="3" result="Passed" start-time="2026-09-11 10:17:57Z" end-time="2026-09-11 10:17:57Z" duration="0.178926" total="3" passed="3" failed="0" inconclusive="0" skipped="0" asserts="0">
              <properties />
              <test-case id="1017" name="ExistingPadsFreshwaterAndDryConnectingRoadRemainTraversable" fullname="Orbis.Game.Tests.WorldBiomeTests.ExistingPadsFreshwaterAndDryConnectingRoadRemainTraversable" methodname="ExistingPadsFreshwaterAndDryConnectingRoadRemainTraversable" classname="Orbis.Game.Tests.WorldBiomeTests" runstate="Runnable" seed="305810778" result="Passed" start-time="2026-09-11 10:17:57Z" end-time="2026-09-11 10:17:57Z" duration="0.070169" asserts="0">
                <properties>
                  <property name="retryIteration" value="0" />
                  <property name="repeatIteration" value="0" />
                </properties>
                <output><![CDATA[Maximum one-metre road grade: 0.330259
]]></output>
              </test-case>
              <test-case id="1015" name="FiveRegionsRemainDistinctAndEverySampleIsANormalizedMixture" fullname="Orbis.Game.Tests.WorldBiomeTests.FiveRegionsRemainDistinctAndEverySampleIsANormalizedMixture" methodname="FiveRegionsRemainDistinctAndEverySampleIsANormalizedMixture" classname="Orbis.Game.Tests.WorldBiomeTests" runstate="Runnable" seed="257793149" result="Passed" start-time="2026-09-11 10:17:57Z" end-time="2026-09-11 10:17:57Z" duration="0.026815" asserts="0">
                <properties>
                  <property name="retryIteration" value="0" />
                  <property name="repeatIteration" value="0" />
                </properties>
              </test-case>
              <test-case id="1016" name="RegionBordersBlendContinuouslyAcrossEveryPairOfSites" fullname="Orbis.Game.Tests.WorldBiomeTests.RegionBordersBlendContinuouslyAcrossEveryPairOfSites" methodname="RegionBordersBlendContinuouslyAcrossEveryPairOfSites" classname="Orbis.Game.Tests.WorldBiomeTests" runstate="Runnable" seed="696319080" result="Passed" start-time="2026-09-11 10:17:57Z" end-time="2026-09-11 10:17:57Z" duration="0.080990" asserts="0">
                <properties>
                  <property name="retryIteration" value="0" />
                  <property name="repeatIteration" value="0" />
                </properties>
              </test-case>
            </test-suite>
            <test-suite type="TestFixture" id="1018" name="WorldGrassDataTests" fullname="Orbis.Game.Tests.WorldGrassDataTests" classname="Orbis.Game.Tests.WorldGrassDataTests" runstate="Runnable" testcasecount="1" result="Passed" start-time="2026-09-11 10:17:57Z" end-time="2026-09-11 10:17:57Z" duration="0.195052" total="1" passed="1" failed="0" inconclusive="0" skipped="0" asserts="0">
              <properties />
              <test-case id="1019" name="SampledPlacementsSurviveBinaryAssetRoundTripAcrossNegativeCells" fullname="Orbis.Game.Tests.WorldGrassDataTests.SampledPlacementsSurviveBinaryAssetRoundTripAcrossNegativeCells" methodname="SampledPlacementsSurviveBinaryAssetRoundTripAcrossNegativeCells" classname="Orbis.Game.Tests.WorldGrassDataTests" runstate="Runnable" seed="1132874340" result="Passed" start-time="2026-09-11 10:17:57Z" end-time="2026-09-11 10:17:57Z" duration="0.194198" asserts="0">
                <properties>
                  <property name="retryIteration" value="0" />
                  <property name="repeatIteration" value="0" />
                </properties>
              </test-case>
            </test-suite>
          </test-suite>
        </test-suite>
      </test-suite>
    </test-suite>
    <test-suite type="Assembly" id="1053" name="Orbis.M0.EditModeTests.dll" fullname="C:/Users/Mirim/.codex/visualizations/2026/09/10/01a08932-ad4d-7dd1-99a5-ab8a6115569e/orbis-m0/Library/ScriptAssemblies/Orbis.M0.EditModeTests.dll" runstate="Runnable" testcasecount="24" result="Passed" start-time="2026-09-11 10:17:57Z" end-time="2026-09-11 10:17:57Z" duration="0.100977" total="24" passed="24" failed="0" inconclusive="0" skipped="0" asserts="0">
      <properties>
        <property name="_PID" value="33480" />
        <property name="_APPDOMAIN" value="Unity Child Domain" />
        <property name="platform" value="EditMode" />
        <property name="EditorOnly" value="True" />
      </properties>
      <test-suite type="TestSuite" id="1054" name="Orbis" fullname="Orbis" runstate="Runnable" testcasecount="24" result="Passed" start-time="2026-09-11 10:17:57Z" end-time="2026-09-11 10:17:57Z" duration="0.100242" total="24" passed="24" failed="0" inconclusive="0" skipped="0" asserts="0">
        <properties />
        <test-suite type="TestSuite" id="1055" name="M0" fullname="Orbis.M0" runstate="Runnable" testcasecount="24" result="Passed" start-time="2026-09-11 10:17:57Z" end-time="2026-09-11 10:17:57Z" duration="0.100090" total="24" passed="24" failed="0" inconclusive="0" skipped="0" asserts="0">
          <properties />
          <test-suite type="TestSuite" id="1056" name="Tests" fullname="Orbis.M0.Tests" runstate="Runnable" testcasecount="24" result="Passed" start-time="2026-09-11 10:17:57Z" end-time="2026-09-11 10:17:57Z" duration="0.099879" total="24" passed="24" failed="0" inconclusive="0" skipped="0" asserts="0">
            <properties />
            <test-suite type="TestFixture" id="1024" name="BasicAttackComboAnimatorTests" fullname="Orbis.M0.Tests.BasicAttackComboAnimatorTests" classname="Orbis.M0.Tests.BasicAttackComboAnimatorTests" runstate="Runnable" testcasecount="5" result="Passed" start-time="2026-09-11 10:17:57Z" end-time="2026-09-11 10:17:57Z" duration="0.050941" total="5" passed="5" failed="0" inconclusive="0" skipped="0" asserts="0">
              <properties />
              <test-case id="1029" name="AnimatorWithoutControllerKeepsItsSpeed" fullname="Orbis.M0.Tests.BasicAttackComboAnimatorTests.AnimatorWithoutControllerKeepsItsSpeed" methodname="AnimatorWithoutControllerKeepsItsSpeed" classname="Orbis.M0.Tests.BasicAttackComboAnimatorTests" runstate="Runnable" seed="598133778" result="Passed" start-time="2026-09-11 10:17:57Z" end-time="2026-09-11 10:17:57Z" duration="0.017273" asserts="0">
                <properties>
                  <property name="retryIteration" value="0" />
                  <property name="repeatIteration" value="0" />
                </properties>
              </test-case>
              <test-case id="1025" name="AttackPausesAutomaticClockAndCompletionRestoresItsPreviousSpeed" fullname="Orbis.M0.Tests.BasicAttackComboAnimatorTests.AttackPausesAutomaticClockAndCompletionRestoresItsPreviousSpeed" methodname="AttackPausesAutomaticClockAndCompletionRestoresItsPreviousSpeed" classname="Orbis.M0.Tests.BasicAttackComboAnimatorTests" runstate="Runnable" seed="392619207" result="Passed" start-time="2026-09-11 10:17:57Z" end-time="2026-09-11 10:17:57Z" duration="0.010810" asserts="0">
                <properties>
                  <property name="retryIteration" value="0" />
                  <property name="repeatIteration" value="0" />
                </properties>
              </test-case>
              <test-case id="1028" name="BufferedBoundarySamplesOnlyTheTimeRemainingForTheNextStrike" fullname="Orbis.M0.Tests.BasicAttackComboAnimatorTests.BufferedBoundarySamplesOnlyTheTimeRemainingForTheNextStrike" methodname="BufferedBoundarySamplesOnlyTheTimeRemainingForTheNextStrike" classname="Orbis.M0.Tests.BasicAttackComboAnimatorTests" runstate="Runnable" seed="728284327" result="Passed" start-time="2026-09-11 10:17:57Z" end-time="2026-09-11 10:17:57Z" duration="0.006656" asserts="0">
                <properties>
                  <property name="retryIteration" value="0" />
                  <property name="repeatIteration" value="0" />
                </properties>
              </test-case>
              <test-case id="1026" name="CancellationRestoresTheClock" fullname="Orbis.M0.Tests.BasicAttackComboAnimatorTests.CancellationRestoresTheClock" methodname="CancellationRestoresTheClock" classname="Orbis.M0.Tests.BasicAttackComboAnimatorTests" runstate="Runnable" seed="479376763" result="Passed" start-time="2026-09-11 10:17:57Z" end-time="2026-09-11 10:17:57Z" duration="0.007760" asserts="0">
                <properties>
                  <property name="retryIteration" value="0" />
                  <property name="repeatIteration" value="0" />
                </properties>
              </test-case>
              <test-case id="1027" name="DetachingAnimatorDuringAnAttackRestoresItsClock" fullname="Orbis.M0.Tests.BasicAttackComboAnimatorTests.DetachingAnimatorDuringAnAttackRestoresItsClock" methodname="DetachingAnimatorDuringAnAttackRestoresItsClock" classname="Orbis.M0.Tests.BasicAttackComboAnimatorTests" runstate="Runnable" seed="1956622511" result="Passed" start-time="2026-09-11 10:17:57Z" end-time="2026-09-11 10:17:57Z" duration="0.007021" asserts="0">
                <properties>
                  <property name="retryIteration" value="0" />
                  <property name="repeatIteration" value="0" />
                </properties>
              </test-case>
            </test-suite>
            <test-suite type="TestFixture" id="1030" name="BasicAttackComboPhysicsTests" fullname="Orbis.M0.Tests.BasicAttackComboPhysicsTests" classname="Orbis.M0.Tests.BasicAttackComboPhysicsTests" runstate="Runnable" testcasecount="5" result="Passed" start-time="2026-09-11 10:17:57Z" end-time="2026-09-11 10:17:57Z" duration="0.013814" total="5" passed="5" failed="0" inconclusive="0" skipped="0" asserts="0">
              <properties />
              <test-case id="1035" name="AirborneAttackNeverHits" fullname="Orbis.M0.Tests.BasicAttackComboPhysicsTests.AirborneAttackNeverHits" methodname="AirborneAttackNeverHits" classname="Orbis.M0.Tests.BasicAttackComboPhysicsTests" runstate="Runnable" seed="2123522372" result="Passed" start-time="2026-09-11 10:17:57Z" end-time="2026-09-11 10:17:57Z" duration="0.002333" asserts="0">
                <properties>
                  <property name="retryIteration" value="0" />
                  <property name="repeatIteration" value="0" />
                </properties>
              </test-case>
              <test-case id="1033" name="LongFrameDoesNotSkipTheHit" fullname="Orbis.M0.Tests.BasicAttackComboPhysicsTests.LongFrameDoesNotSkipTheHit" methodname="LongFrameDoesNotSkipTheHit" classname="Orbis.M0.Tests.BasicAttackComboPhysicsTests" runstate="Runnable" seed="306922664" result="Passed" start-time="2026-09-11 10:17:57Z" end-time="2026-09-11 10:17:57Z" duration="0.003125" asserts="0">
                <properties>
                  <property name="retryIteration" value="0" />
                  <property name="repeatIteration" value="0" />
                </properties>
              </test-case>
              <test-case id="1031" name="MultipleCollidersAndMultipleActiveFramesCountOnlyOneHitPerStrike" fullname="Orbis.M0.Tests.BasicAttackComboPhysicsTests.MultipleCollidersAndMultipleActiveFramesCountOnlyOneHitPerStrike" methodname="MultipleCollidersAndMultipleActiveFramesCountOnlyOneHitPerStrike" classname="Orbis.M0.Tests.BasicAttackComboPhysicsTests" runstate="Runnable" seed="1765250018" result="Passed" start-time="2026-09-11 10:17:57Z" end-time="2026-09-11 10:17:57Z" duration="0.001554" asserts="0">
                <properties>
                  <property name="retryIteration" value="0" />
                  <property name="repeatIteration" value="0" />
                </properties>
              </test-case>
              <test-case id="1032" name="NextStrikeCanHitTheSameTargetAgain" fullname="Orbis.M0.Tests.BasicAttackComboPhysicsTests.NextStrikeCanHitTheSameTargetAgain" methodname="NextStrikeCanHitTheSameTargetAgain" classname="Orbis.M0.Tests.BasicAttackComboPhysicsTests" runstate="Runnable" seed="216508963" result="Passed" start-time="2026-09-11 10:17:57Z" end-time="2026-09-11 10:17:57Z" duration="0.000660" asserts="0">
                <properties>
                  <property name="retryIteration" value="0" />
                  <property name="repeatIteration" value="0" />
                </properties>
              </test-case>
              <test-case id="1034" name="WorldWallBetweenPlayerAndDummyBlocksTheHit" fullname="Orbis.M0.Tests.BasicAttackComboPhysicsTests.WorldWallBetweenPlayerAndDummyBlocksTheHit" methodname="WorldWallBetweenPlayerAndDummyBlocksTheHit" classname="Orbis.M0.Tests.BasicAttackComboPhysicsTests" runstate="Runnable" seed="1078564867" result="Passed" start-time="2026-09-11 10:17:57Z" end-time="2026-09-11 10:17:57Z" duration="0.000733" asserts="0">
                <properties>
                  <property name="retryIteration" value="0" />
                  <property name="repeatIteration" value="0" />
                </properties>
              </test-case>
            </test-suite>
            <test-suite type="TestFixture" id="1036" name="ComboSequenceTests" fullname="Orbis.M0.Tests.ComboSequenceTests" classname="Orbis.M0.Tests.ComboSequenceTests" runstate="Runnable" testcasecount="12" result="Passed" start-time="2026-09-11 10:17:57Z" end-time="2026-09-11 10:17:57Z" duration="0.008281" total="12" passed="12" failed="0" inconclusive="0" skipped="0" asserts="0">
              <properties />
              <test-case id="1042" name="ActiveWindowRunsAcrossFramesButNeverOutsideItsInterval" fullname="Orbis.M0.Tests.ComboSequenceTests.ActiveWindowRunsAcrossFramesButNeverOutsideItsInterval" methodname="ActiveWindowRunsAcrossFramesButNeverOutsideItsInterval" classname="Orbis.M0.Tests.ComboSequenceTests" runstate="Runnable" seed="1847976695" result="Passed" start-time="2026-09-11 10:17:57Z" end-time="2026-09-11 10:17:57Z" duration="0.000435" asserts="0">
                <properties>
                  <property name="retryIteration" value="0" />
                  <property name="repeatIteration" value="0" />
                </properties>
              </test-case>
              <test-case id="1037" name="AirborneInputCannotStartButLandingInputCan" fullname="Orbis.M0.Tests.ComboSequenceTests.AirborneInputCannotStartButLandingInputCan" methodname="AirborneInputCannotStartButLandingInputCan" classname="Orbis.M0.Tests.ComboSequenceTests" runstate="Runnable" seed="443727686" result="Passed" start-time="2026-09-11 10:17:57Z" end-time="2026-09-11 10:17:57Z" duration="0.000326" asserts="0">
                <properties>
                  <property name="retryIteration" value="0" />
                  <property name="repeatIteration" value="0" />
                </properties>
              </test-case>
              <test-case id="1043" name="CancelClearsBufferedInputAndRestartsFromFirstStrike" fullname="Orbis.M0.Tests.ComboSequenceTests.CancelClearsBufferedInputAndRestartsFromFirstStrike" methodname="CancelClearsBufferedInputAndRestartsFromFirstStrike" classname="Orbis.M0.Tests.ComboSequenceTests" runstate="Runnable" seed="484315747" result="Passed" start-time="2026-09-11 10:17:57Z" end-time="2026-09-11 10:17:57Z" duration="0.000373" asserts="0">
                <properties>
                  <property name="retryIteration" value="0" />
                  <property name="repeatIteration" value="0" />
                </properties>
              </test-case>
              <test-case id="1049" name="CancellationFromHitCallbackCannotAdvanceOldSequence" fullname="Orbis.M0.Tests.ComboSequenceTests.CancellationFromHitCallbackCannotAdvanceOldSequence" methodname="CancellationFromHitCallbackCannotAdvanceOldSequence" classname="Orbis.M0.Tests.ComboSequenceTests" runstate="Runnable" seed="1734182066" result="Passed" start-time="2026-09-11 10:17:57Z" end-time="2026-09-11 10:17:57Z" duration="0.000323" asserts="0">
                <properties>
                  <property name="retryIteration" value="0" />
                  <property name="repeatIteration" value="0" />
                </properties>
              </test-case>
              <test-case id="1038" name="EarlyInputIsIgnoredAndDoesNotSilentlyQueue" fullname="Orbis.M0.Tests.ComboSequenceTests.EarlyInputIsIgnoredAndDoesNotSilentlyQueue" methodname="EarlyInputIsIgnoredAndDoesNotSilentlyQueue" classname="Orbis.M0.Tests.ComboSequenceTests" runstate="Runnable" seed="1397112951" result="Passed" start-time="2026-09-11 10:17:57Z" end-time="2026-09-11 10:17:57Z" duration="0.000216" asserts="0">
                <properties>
                  <property name="retryIteration" value="0" />
                  <property name="repeatIteration" value="0" />
                </properties>
              </test-case>
              <test-suite type="ParameterizedMethod" id="1047" name="InvalidDeltaCannotCorruptSequence" fullname="Orbis.M0.Tests.ComboSequenceTests.InvalidDeltaCannotCorruptSequence" classname="Orbis.M0.Tests.ComboSequenceTests" runstate="Runnable" testcasecount="3" result="Passed" start-time="2026-09-11 10:17:57Z" end-time="2026-09-11 10:17:57Z" duration="0.002461" total="3" passed="3" failed="0" inconclusive="0" skipped="0" asserts="0">
                <properties />
                <test-case id="1044" name="InvalidDeltaCannotCorruptSequence(-0.1f)" fullname="Orbis.M0.Tests.ComboSequenceTests.InvalidDeltaCannotCorruptSequence(-0.1f)" methodname="InvalidDeltaCannotCorruptSequence" classname="Orbis.M0.Tests.ComboSequenceTests" runstate="Runnable" seed="1200049707" result="Passed" start-time="2026-09-11 10:17:57Z" end-time="2026-09-11 10:17:57Z" duration="0.001361" asserts="0">
                  <properties>
                    <property name="retryIteration" value="0" />
                    <property name="repeatIteration" value="0" />
                  </properties>
                </test-case>
                <test-case id="1045" name="InvalidDeltaCannotCorruptSequence(float.NaN)" fullname="Orbis.M0.Tests.ComboSequenceTests.InvalidDeltaCannotCorruptSequence(float.NaN)" methodname="InvalidDeltaCannotCorruptSequence" classname="Orbis.M0.Tests.ComboSequenceTests" runstate="Runnable" seed="812295169" result="Passed" start-time="2026-09-11 10:17:57Z" end-time="2026-09-11 10:17:57Z" duration="0.000114" asserts="0">
                  <properties>
                    <property name="retryIteration" value="0" />
                    <property name="repeatIteration" value="0" />
                  </properties>
                </test-case>
                <test-case id="1046" name="InvalidDeltaCannotCorruptSequence(float.PositiveInfinity)" fullname="Orbis.M0.Tests.ComboSequenceTests.InvalidDeltaCannotCorruptSequence(float.PositiveInfinity)" methodname="InvalidDeltaCannotCorruptSequence" classname="Orbis.M0.Tests.ComboSequenceTests" runstate="Runnable" seed="167572754" result="Passed" start-time="2026-09-11 10:17:57Z" end-time="2026-09-11 10:17:57Z" duration="0.000106" asserts="0">
                  <properties>
                    <property name="retryIteration" value="0" />
                    <property name="repeatIteration" value="0" />
                  </properties>
                </test-case>
              </test-suite>
              <test-case id="1041" name="LongFrameStillVisitsEveryStartedStrikeActiveWindow" fullname="Orbis.M0.Tests.ComboSequenceTests.LongFrameStillVisitsEveryStartedStrikeActiveWindow" methodname="LongFrameStillVisitsEveryStartedStrikeActiveWindow" classname="Orbis.M0.Tests.ComboSequenceTests" runstate="Runnable" seed="1280171462" result="Passed" start-time="2026-09-11 10:17:57Z" end-time="2026-09-11 10:17:57Z" duration="0.000974" asserts="0">
                <properties>
                  <property name="retryIteration" value="0" />
                  <property name="repeatIteration" value="0" />
                </properties>
              </test-case>
              <test-case id="1039" name="RepeatedBufferedInputsCannotSkipOrPrequeueThirdStrike" fullname="Orbis.M0.Tests.ComboSequenceTests.RepeatedBufferedInputsCannotSkipOrPrequeueThirdStrike" methodname="RepeatedBufferedInputsCannotSkipOrPrequeueThirdStrike" classname="Orbis.M0.Tests.ComboSequenceTests" runstate="Runnable" seed="1117782895" result="Passed" start-time="2026-09-11 10:17:57Z" end-time="2026-09-11 10:17:57Z" duration="0.000306" asserts="0">
                <properties>
                  <property name="retryIteration" value="0" />
                  <property name="repeatIteration" value="0" />
                </properties>
              </test-case>
              <test-case id="1040" name="ThreeStrikesNeedThreeTimedInputsAndFinishWithoutFourthStrike" fullname="Orbis.M0.Tests.ComboSequenceTests.ThreeStrikesNeedThreeTimedInputsAndFinishWithoutFourthStrike" methodname="ThreeStrikesNeedThreeTimedInputsAndFinishWithoutFourthStrike" classname="Orbis.M0.Tests.ComboSequenceTests" runstate="Runnable" seed="827835314" result="Passed" start-time="2026-09-11 10:17:57Z" end-time="2026-09-11 10:17:57Z" duration="0.000418" asserts="0">
                <properties>
                  <property name="retryIteration" value="0" />
                  <property name="repeatIteration" value="0" />
                </properties>
              </test-case>
              <test-case id="1048" name="ZeroDeltaDoesNotAdvanceOrApplyHit" fullname="Orbis.M0.Tests.ComboSequenceTests.ZeroDeltaDoesNotAdvanceOrApplyHit" methodname="ZeroDeltaDoesNotAdvanceOrApplyHit" classname="Orbis.M0.Tests.ComboSequenceTests" runstate="Runnable" seed="1274351186" result="Passed" start-time="2026-09-11 10:17:57Z" end-time="2026-09-11 10:17:57Z" duration="0.000209" asserts="0">
                <properties>
                  <property name="retryIteration" value="0" />
                  <property name="repeatIteration" value="0" />
                </properties>
              </test-case>
            </test-suite>
            <test-suite type="TestFixture" id="1050" name="M0SceneAssetTests" fullname="Orbis.M0.Tests.M0SceneAssetTests" classname="Orbis.M0.Tests.M0SceneAssetTests" runstate="Runnable" testcasecount="2" result="Passed" start-time="2026-09-11 10:17:57Z" end-time="2026-09-11 10:17:57Z" duration="0.026178" total="2" passed="2" failed="0" inconclusive="0" skipped="0" asserts="0">
              <properties />
              <test-case id="1051" name="PrototypeSceneHasOneBootstrapAndNoMissingScripts" fullname="Orbis.M0.Tests.M0SceneAssetTests.PrototypeSceneHasOneBootstrapAndNoMissingScripts" methodname="PrototypeSceneHasOneBootstrapAndNoMissingScripts" classname="Orbis.M0.Tests.M0SceneAssetTests" runstate="Runnable" seed="602248706" result="Passed" start-time="2026-09-11 10:17:57Z" end-time="2026-09-11 10:17:57Z" duration="0.006200" asserts="0">
                <properties>
                  <property name="retryIteration" value="0" />
                  <property name="repeatIteration" value="0" />
                </properties>
              </test-case>
              <test-case id="1052" name="RuntimeAssetsUseUrpAndAttackClipsMatchCombatTimings" fullname="Orbis.M0.Tests.M0SceneAssetTests.RuntimeAssetsUseUrpAndAttackClipsMatchCombatTimings" methodname="RuntimeAssetsUseUrpAndAttackClipsMatchCombatTimings" classname="Orbis.M0.Tests.M0SceneAssetTests" runstate="Runnable" seed="1891447990" result="Passed" start-time="2026-09-11 10:17:57Z" end-time="2026-09-11 10:17:57Z" duration="0.019156" asserts="0">
                <properties>
                  <property name="retryIteration" value="0" />
                  <property name="repeatIteration" value="0" />
                </properties>
              </test-case>
            </test-suite>
          </test-suite>
        </test-suite>
      </test-suite>
    </test-suite>
    <test-suite type="Assembly" id="1099" name="Orbis.M1.EditModeTests.dll" fullname="C:/Users/Mirim/.codex/visualizations/2026/09/10/01a08932-ad4d-7dd1-99a5-ab8a6115569e/orbis-m0/Library/ScriptAssemblies/Orbis.M1.EditModeTests.dll" runstate="Runnable" testcasecount="38" result="Passed" start-time="2026-09-11 10:17:57Z" end-time="2026-09-11 10:17:57Z" duration="0.040234" total="38" passed="38" failed="0" inconclusive="0" skipped="0" asserts="0">
      <properties>
        <property name="_PID" value="33480" />
        <property name="_APPDOMAIN" value="Unity Child Domain" />
        <property name="platform" value="EditMode" />
        <property name="EditorOnly" value="True" />
      </properties>
      <test-suite type="TestSuite" id="1100" name="Orbis" fullname="Orbis" runstate="Runnable" testcasecount="38" result="Passed" start-time="2026-09-11 10:17:57Z" end-time="2026-09-11 10:17:57Z" duration="0.038869" total="38" passed="38" failed="0" inconclusive="0" skipped="0" asserts="0">
        <properties />
        <test-suite type="TestSuite" id="1101" name="M1" fullname="Orbis.M1" runstate="Runnable" testcasecount="38" result="Passed" start-time="2026-09-11 10:17:57Z" end-time="2026-09-11 10:17:57Z" duration="0.038711" total="38" passed="38" failed="0" inconclusive="0" skipped="0" asserts="0">
          <properties />
          <test-suite type="TestSuite" id="1102" name="Tests" fullname="Orbis.M1.Tests" runstate="Runnable" testcasecount="38" result="Passed" start-time="2026-09-11 10:17:57Z" end-time="2026-09-11 10:17:57Z" duration="0.038549" total="38" passed="38" failed="0" inconclusive="0" skipped="0" asserts="0">
            <properties />
            <test-suite type="TestFixture" id="1057" name="ElementalReactionTests" fullname="Orbis.M1.Tests.ElementalReactionTests" classname="Orbis.M1.Tests.ElementalReactionTests" runstate="Runnable" testcasecount="38" result="Passed" start-time="2026-09-11 10:17:57Z" end-time="2026-09-11 10:17:57Z" duration="0.038276" total="38" passed="38" failed="0" inconclusive="0" skipped="0" asserts="0">
              <properties />
              <test-case id="1084" name="ConsumedAuraCannotBeResurrectedBySourceRetention" fullname="Orbis.M1.Tests.ElementalReactionTests.ConsumedAuraCannotBeResurrectedBySourceRetention" methodname="ConsumedAuraCannotBeResurrectedBySourceRetention" classname="Orbis.M1.Tests.ElementalReactionTests" runstate="Runnable" seed="311276764" result="Passed" start-time="2026-09-11 10:17:57Z" end-time="2026-09-11 10:17:57Z" duration="0.004814" asserts="0">
                <properties>
                  <property name="retryIteration" value="0" />
                  <property name="repeatIteration" value="0" />
                </properties>
              </test-case>
              <test-case id="1089" name="DestroyedSourceCancelsPendingDamageWithoutErrors" fullname="Orbis.M1.Tests.ElementalReactionTests.DestroyedSourceCancelsPendingDamageWithoutErrors" methodname="DestroyedSourceCancelsPendingDamageWithoutErrors" classname="Orbis.M1.Tests.ElementalReactionTests" runstate="Runnable" seed="350609787" result="Passed" start-time="2026-09-11 10:17:57Z" end-time="2026-09-11 10:17:57Z" duration="0.002007" asserts="0">
                <properties>
                  <property name="retryIteration" value="0" />
                  <property name="repeatIteration" value="0" />
                </properties>
              </test-case>
              <test-case id="1087" name="ElectroChargedTicksThreeTimesAndChainsOneHopWithoutNewReactions" fullname="Orbis.M1.Tests.ElementalReactionTests.ElectroChargedTicksThreeTimesAndChainsOneHopWithoutNewReactions" methodname="ElectroChargedTicksThreeTimesAndChainsOneHopWithoutNewReactions" classname="Orbis.M1.Tests.ElementalReactionTests" runstate="Runnable" seed="1285386911" result="Passed" start-time="2026-09-11 10:17:57Z" end-time="2026-09-11 10:17:57Z" duration="0.002882" asserts="0">
                <properties>
                  <property name="retryIteration" value="0" />
                  <property name="repeatIteration" value="0" />
                </properties>
              </test-case>
              <test-case id="1086" name="FriendlyAndOffFieldActorsCannotReceiveNewApplications" fullname="Orbis.M1.Tests.ElementalReactionTests.FriendlyAndOffFieldActorsCannotReceiveNewApplications" methodname="FriendlyAndOffFieldActorsCannotReceiveNewApplications" classname="Orbis.M1.Tests.ElementalReactionTests" runstate="Runnable" seed="1471633442" result="Passed" start-time="2026-09-11 10:17:57Z" end-time="2026-09-11 10:17:57Z" duration="0.000826" asserts="0">
                <properties>
                  <property name="retryIteration" value="0" />
                  <property name="repeatIteration" value="0" />
                </properties>
              </test-case>
              <test-case id="1095" name="LargeTickPreservesShieldExpiryOrderAroundDotTicks" fullname="Orbis.M1.Tests.ElementalReactionTests.LargeTickPreservesShieldExpiryOrderAroundDotTicks" methodname="LargeTickPreservesShieldExpiryOrderAroundDotTicks" classname="Orbis.M1.Tests.ElementalReactionTests" runstate="Runnable" seed="730218459" result="Passed" start-time="2026-09-11 10:17:57Z" end-time="2026-09-11 10:17:57Z" duration="0.000523" asserts="0">
                <properties>
                  <property name="retryIteration" value="0" />
                  <property name="repeatIteration" value="0" />
                </properties>
              </test-case>
              <test-case id="1085" name="OffFieldActorsStillExpireAuraAndShield" fullname="Orbis.M1.Tests.ElementalReactionTests.OffFieldActorsStillExpireAuraAndShield" methodname="OffFieldActorsStillExpireAuraAndShield" classname="Orbis.M1.Tests.ElementalReactionTests" runstate="Runnable" seed="1282735351" result="Passed" start-time="2026-09-11 10:17:57Z" end-time="2026-09-11 10:17:57Z" duration="0.000451" asserts="0">
                <properties>
                  <property name="retryIteration" value="0" />
                  <property name="repeatIteration" value="0" />
                </properties>
              </test-case>
              <test-case id="1096" name="OverloadAddsAreaDamageOnceAndFiltersAlliesAndOffFieldActors" fullname="Orbis.M1.Tests.ElementalReactionTests.OverloadAddsAreaDamageOnceAndFiltersAlliesAndOffFieldActors" methodname="OverloadAddsAreaDamageOnceAndFiltersAlliesAndOffFieldActors" classname="Orbis.M1.Tests.ElementalReactionTests" runstate="Runnable" seed="1051949519" result="Passed" start-time="2026-09-11 10:17:57Z" end-time="2026-09-11 10:17:57Z" duration="0.002411" asserts="0">
                <properties>
                  <property name="retryIteration" value="0" />
                  <property name="repeatIteration" value="0" />
                </properties>
              </test-case>
              <test-case id="1097" name="OverloadKnockbackStopsBeforeWorldWall" fullname="Orbis.M1.Tests.ElementalReactionTests.OverloadKnockbackStopsBeforeWorldWall" methodname="OverloadKnockbackStopsBeforeWorldWall" classname="Orbis.M1.Tests.ElementalReactionTests" runstate="Runnable" seed="823345505" result="Passed" start-time="2026-09-11 10:17:57Z" end-time="2026-09-11 10:17:57Z" duration="0.000698" asserts="0">
                <properties>
                  <property name="retryIteration" value="0" />
                  <property name="repeatIteration" value="0" />
                </properties>
              </test-case>
              <test-suite type="ParameterizedMethod" id="1078" name="ReactionPairsWorkInBothOrders" fullname="Orbis.M1.Tests.ElementalReactionTests.ReactionPairsWorkInBothOrders" classname="Orbis.M1.Tests.ElementalReactionTests" runstate="Runnable" testcasecount="20" result="Passed" start-time="2026-09-11 10:17:57Z" end-time="2026-09-11 10:17:57Z" duration="0.013066" total="20" passed="20" failed="0" inconclusive="0" skipped="0" asserts="0">
                <properties />
                <test-case id="1058" name="ReactionPairsWorkInBothOrders(Fire,Water,Vaporize)" fullname="Orbis.M1.Tests.ElementalReactionTests.ReactionPairsWorkInBothOrders(Fire,Water,Vaporize)" methodname="ReactionPairsWorkInBothOrders" classname="Orbis.M1.Tests.ElementalReactionTests" runstate="Runnable" seed="56139916" result="Passed" start-time="2026-09-11 10:17:57Z" end-time="2026-09-11 10:17:57Z" duration="0.001068" asserts="0">
                  <properties>
                    <property name="retryIteration" value="0" />
                    <property name="repeatIteration" value="0" />
                  </properties>
                </test-case>
                <test-case id="1059" name="ReactionPairsWorkInBothOrders(Water,Fire,Vaporize)" fullname="Orbis.M1.Tests.ElementalReactionTests.ReactionPairsWorkInBothOrders(Water,Fire,Vaporize)" methodname="ReactionPairsWorkInBothOrders" classname="Orbis.M1.Tests.ElementalReactionTests" runstate="Runnable" seed="356505472" result="Passed" start-time="2026-09-11 10:17:57Z" end-time="2026-09-11 10:17:57Z" duration="0.000476" asserts="0">
                  <properties>
                    <property name="retryIteration" value="0" />
                    <property name="repeatIteration" value="0" />
                  </properties>
                </test-case>
                <test-case id="1060" name="ReactionPairsWorkInBothOrders(Water,Lightning,ElectroCharged)" fullname="Orbis.M1.Tests.ElementalReactionTests.ReactionPairsWorkInBothOrders(Water,Lightning,ElectroCharged)" methodname="ReactionPairsWorkInBothOrders" classname="Orbis.M1.Tests.ElementalReactionTests" runstate="Runnable" seed="1089155364" result="Passed" start-time="2026-09-11 10:17:57Z" end-time="2026-09-11 10:17:57Z" duration="0.000448" asserts="0">
                  <properties>
                    <property name="retryIteration" value="0" />
                    <property name="repeatIteration" value="0" />
                  </properties>
                </test-case>
                <test-case id="1061" name="ReactionPairsWorkInBothOrders(Lightning,Water,ElectroCharged)" fullname="Orbis.M1.Tests.ElementalReactionTests.ReactionPairsWorkInBothOrders(Lightning,Water,ElectroCharged)" methodname="ReactionPairsWorkInBothOrders" classname="Orbis.M1.Tests.ElementalReactionTests" runstate="Runnable" seed="1699873262" result="Passed" start-time="2026-09-11 10:17:57Z" end-time="2026-09-11 10:17:57Z" duration="0.000481" asserts="0">
                  <properties>
                    <property name="retryIteration" value="0" />
                    <property name="repeatIteration" value="0" />
                  </properties>
                </test-case>
                <test-case id="1062" name="ReactionPairsWorkInBothOrders(Fire,Lightning,Overload)" fullname="Orbis.M1.Tests.ElementalReactionTests.ReactionPairsWorkInBothOrders(Fire,Lightning,Overload)" methodname="ReactionPairsWorkInBothOrders" classname="Orbis.M1.Tests.ElementalReactionTests" runstate="Runnable" seed="826167043" result="Passed" start-time="2026-09-11 10:17:57Z" end-time="2026-09-11 10:17:57Z" duration="0.000514" asserts="0">
                  <properties>
                    <property name="retryIteration" value="0" />
                    <property name="repeatIteration" value="0" />
                  </properties>
                </test-case>
                <test-case id="1063" name="ReactionPairsWorkInBothOrders(Lightning,Fire,Overload)" fullname="Orbis.M1.Tests.ElementalReactionTests.ReactionPairsWorkInBothOrders(Lightning,Fire,Overload)" methodname="ReactionPairsWorkInBothOrders" classname="Orbis.M1.Tests.ElementalReactionTests" runstate="Runnable" seed="1757839861" result="Passed" start-time="2026-09-11 10:17:57Z" end-time="2026-09-11 10:17:57Z" duration="0.000516" asserts="0">
                  <properties>
                    <property name="retryIteration" value="0" />
                    <property name="repeatIteration" value="0" />
                  </properties>
                </test-case>
                <test-case id="1064" name="ReactionPairsWorkInBothOrders(Wind,Fire,Swirl)" fullname="Orbis.M1.Tests.ElementalReactionTests.ReactionPairsWorkInBothOrders(Wind,Fire,Swirl)" methodname="ReactionPairsWorkInBothOrders" classname="Orbis.M1.Tests.ElementalReactionTests" runstate="Runnable" seed="1970511445" result="Passed" start-time="2026-09-11 10:17:57Z" end-time="2026-09-11 10:17:57Z" duration="0.000748" asserts="0">
                  <properties>
                    <property name="retryIteration" value="0" />
                    <property name="repeatIteration" value="0" />
                  </properties>
                </test-case>
                <test-case id="1065" name="ReactionPairsWorkInBothOrders(Fire,Wind,Swirl)" fullname="Orbis.M1.Tests.ElementalReactionTests.ReactionPairsWorkInBothOrders(Fire,Wind,Swirl)" methodname="ReactionPairsWorkInBothOrders" classname="Orbis.M1.Tests.ElementalReactionTests" runstate="Runnable" seed="1482428540" result="Passed" start-time="2026-09-11 10:17:57Z" end-time="2026-09-11 10:17:57Z" duration="0.000481" asserts="0">
                  <properties>
                    <property name="retryIteration" value="0" />
                    <property name="repeatIteration" value="0" />
                  </properties>
                </test-case>
                <test-case id="1066" name="ReactionPairsWorkInBothOrders(Wind,Water,Swirl)" fullname="Orbis.M1.Tests.ElementalReactionTests.ReactionPairsWorkInBothOrders(Wind,Water,Swirl)" methodname="ReactionPairsWorkInBothOrders" classname="Orbis.M1.Tests.ElementalReactionTests" runstate="Runnable" seed="1312992230" result="Passed" start-time="2026-09-11 10:17:57Z" end-time="2026-09-11 10:17:57Z" duration="0.000460" asserts="0">
                  <properties>
                    <property name="retryIteration" value="0" />
                    <property name="repeatIteration" value="0" />
                  </properties>
                </test-case>
                <test-case id="1067" name="ReactionPairsWorkInBothOrders(Water,Wind,Swirl)" fullname="Orbis.M1.Tests.ElementalReactionTests.ReactionPairsWorkInBothOrders(Water,Wind,Swirl)" methodname="ReactionPairsWorkInBothOrders" classname="Orbis.M1.Tests.ElementalReactionTests" runstate="Runnable" seed="361191889" result="Passed" start-time="2026-09-11 10:17:57Z" end-time="2026-09-11 10:17:57Z" duration="0.000458" asserts="0">
                  <properties>
                    <property name="retryIteration" value="0" />
                    <property name="repeatIteration" value="0" />
                  </properties>
                </test-case>
                <test-case id="1068" name="ReactionPairsWorkInBothOrders(Wind,Lightning,Swirl)" fullname="Orbis.M1.Tests.ElementalReactionTests.ReactionPairsWorkInBothOrders(Wind,Lightning,Swirl)" methodname="ReactionPairsWorkInBothOrders" classname="Orbis.M1.Tests.ElementalReactionTests" runstate="Runnable" seed="1379542811" result="Passed" start-time="2026-09-11 10:17:57Z" end-time="2026-09-11 10:17:57Z" duration="0.000461" asserts="0">
                  <properties>
                    <property name="retryIteration" value="0" />
                    <property name="repeatIteration" value="0" />
                  </properties>
                </test-case>
                <test-case id="1069" name="ReactionPairsWorkInBothOrders(Lightning,Wind,Swirl)" fullname="Orbis.M1.Tests.ElementalReactionTests.ReactionPairsWorkInBothOrders(Lightning,Wind,Swirl)" methodname="ReactionPairsWorkInBothOrders" classname="Orbis.M1.Tests.ElementalReactionTests" runstate="Runnable" seed="387794009" result="Passed" start-time="2026-09-11 10:17:57Z" end-time="2026-09-11 10:17:57Z" duration="0.000453" asserts="0">
                  <properties>
                    <property name="retryIteration" value="0" />
                    <property name="repeatIteration" value="0" />
                  </properties>
                </test-case>
                <test-case id="1070" name="ReactionPairsWorkInBothOrders(Rock,Fire,Crystallize)" fullname="Orbis.M1.Tests.ElementalReactionTests.ReactionPairsWorkInBothOrders(Rock,Fire,Crystallize)" methodname="ReactionPairsWorkInBothOrders" classname="Orbis.M1.Tests.ElementalReactionTests" runstate="Runnable" seed="172641470" result="Passed" start-time="2026-09-11 10:17:57Z" end-time="2026-09-11 10:17:57Z" duration="0.000452" asserts="0">
                  <properties>
                    <property name="retryIteration" value="0" />
                    <property name="repeatIteration" value="0" />
                  </properties>
                </test-case>
[...]
                  <properties>
                    <property name="retryIteration" value="0" />
                    <property name="repeatIteration" value="0" />
                  </properties>
                </test-case>
                <test-case id="1343" name="ShippedRegionSceneHasOneCorrectBootstrapAndNoMissingScripts(Teluna)" fullname="Orbis.M4.Tests.M4ContentTests.ShippedRegionSceneHasOneCorrectBootstrapAndNoMissingScripts(Teluna)" methodname="ShippedRegionSceneHasOneCorrectBootstrapAndNoMissingScripts" classname="Orbis.M4.Tests.M4ContentTests" runstate="Runnable" seed="415773737" result="Passed" start-time="2026-09-11 10:17:58Z" end-time="2026-09-11 10:17:58Z" duration="0.001238" asserts="0">
                  <properties>
                    <property name="retryIteration" value="0" />
                    <property name="repeatIteration" value="0" />
                  </properties>
                </test-case>
                <test-case id="1344" name="ShippedRegionSceneHasOneCorrectBootstrapAndNoMissingScripts(Zephyr)" fullname="Orbis.M4.Tests.M4ContentTests.ShippedRegionSceneHasOneCorrectBootstrapAndNoMissingScripts(Zephyr)" methodname="ShippedRegionSceneHasOneCorrectBootstrapAndNoMissingScripts" classname="Orbis.M4.Tests.M4ContentTests" runstate="Runnable" seed="1257415135" result="Passed" start-time="2026-09-11 10:17:58Z" end-time="2026-09-11 10:17:58Z" duration="0.001228" asserts="0">
                  <properties>
                    <property name="retryIteration" value="0" />
                    <property name="repeatIteration" value="0" />
                  </properties>
                </test-case>
                <test-case id="1345" name="ShippedRegionSceneHasOneCorrectBootstrapAndNoMissingScripts(Granite)" fullname="Orbis.M4.Tests.M4ContentTests.ShippedRegionSceneHasOneCorrectBootstrapAndNoMissingScripts(Granite)" methodname="ShippedRegionSceneHasOneCorrectBootstrapAndNoMissingScripts" classname="Orbis.M4.Tests.M4ContentTests" runstate="Runnable" seed="1883248209" result="Passed" start-time="2026-09-11 10:17:58Z" end-time="2026-09-11 10:17:58Z" duration="0.001274" asserts="0">
                  <properties>
                    <property name="retryIteration" value="0" />
                    <property name="repeatIteration" value="0" />
                  </properties>
                </test-case>
                <test-case id="1346" name="ShippedRegionSceneHasOneCorrectBootstrapAndNoMissingScripts(Voltheim)" fullname="Orbis.M4.Tests.M4ContentTests.ShippedRegionSceneHasOneCorrectBootstrapAndNoMissingScripts(Voltheim)" methodname="ShippedRegionSceneHasOneCorrectBootstrapAndNoMissingScripts" classname="Orbis.M4.Tests.M4ContentTests" runstate="Runnable" seed="818293171" result="Passed" start-time="2026-09-11 10:17:58Z" end-time="2026-09-11 10:17:58Z" duration="0.001174" asserts="0">
                  <properties>
                    <property name="retryIteration" value="0" />
                    <property name="repeatIteration" value="0" />
                  </properties>
                </test-case>
              </test-suite>
            </test-suite>
            <test-suite type="TestFixture" id="1361" name="M4IoRecoveryTests" fullname="Orbis.M4.Tests.M4IoRecoveryTests" classname="Orbis.M4.Tests.M4IoRecoveryTests" runstate="Runnable" testcasecount="1" result="Passed" start-time="2026-09-11 10:17:58Z" end-time="2026-09-11 10:17:58Z" duration="0.026649" total="1" passed="1" failed="0" inconclusive="0" skipped="0" asserts="0">
              <properties />
              <test-case id="1362" name="LockedLatestMainCannotFallBackToOlderBackupAndOverwriteProgress" fullname="Orbis.M4.Tests.M4IoRecoveryTests.LockedLatestMainCannotFallBackToOlderBackupAndOverwriteProgress" methodname="LockedLatestMainCannotFallBackToOlderBackupAndOverwriteProgress" classname="Orbis.M4.Tests.M4IoRecoveryTests" runstate="Runnable" seed="1541260877" result="Passed" start-time="2026-09-11 10:17:58Z" end-time="2026-09-11 10:17:58Z" duration="0.025047" asserts="0">
                <properties>
                  <property name="retryIteration" value="0" />
                  <property name="repeatIteration" value="0" />
                </properties>
              </test-case>
            </test-suite>
            <test-suite type="TestFixture" id="1363" name="M4ProgressTests" fullname="Orbis.M4.Tests.M4ProgressTests" classname="Orbis.M4.Tests.M4ProgressTests" runstate="Runnable" testcasecount="17" result="Passed" start-time="2026-09-11 10:17:58Z" end-time="2026-09-11 10:17:59Z" duration="0.337694" total="17" passed="17" failed="0" inconclusive="0" skipped="0" asserts="0">
              <properties />
              <test-case id="1375" name="CalendarRefreshWithinPeriodRaisesNoEventAndDoesNotWriteEveryFrame" fullname="Orbis.M4.Tests.M4ProgressTests.CalendarRefreshWithinPeriodRaisesNoEventAndDoesNotWriteEveryFrame" methodname="CalendarRefreshWithinPeriodRaisesNoEventAndDoesNotWriteEveryFrame" classname="Orbis.M4.Tests.M4ProgressTests" runstate="Runnable" seed="1710402107" result="Passed" start-time="2026-09-11 10:17:58Z" end-time="2026-09-11 10:17:58Z" duration="0.014408" asserts="0">
                <properties>
                  <property name="retryIteration" value="0" />
                  <property name="repeatIteration" value="0" />
                </properties>
              </test-case>
              <test-case id="1374" name="ClockRollbackCannotRerollOrReplayWeeklyRewardsEvenAfterReload" fullname="Orbis.M4.Tests.M4ProgressTests.ClockRollbackCannotRerollOrReplayWeeklyRewardsEvenAfterReload" methodname="ClockRollbackCannotRerollOrReplayWeeklyRewardsEvenAfterReload" classname="Orbis.M4.Tests.M4ProgressTests" runstate="Runnable" seed="1299232348" result="Passed" start-time="2026-09-11 10:17:58Z" end-time="2026-09-11 10:17:58Z" duration="0.025617" asserts="0">
                <properties>
                  <property name="retryIteration" value="0" />
                  <property name="repeatIteration" value="0" />
                </properties>
              </test-case>
              <test-case id="1376" name="CorruptMainRecoversBackupAndQuarantinesOriginalBeforeNextWrite" fullname="Orbis.M4.Tests.M4ProgressTests.CorruptMainRecoversBackupAndQuarantinesOriginalBeforeNextWrite" methodname="CorruptMainRecoversBackupAndQuarantinesOriginalBeforeNextWrite" classname="Orbis.M4.Tests.M4ProgressTests" runstate="Runnable" seed="1538140228" result="Passed" start-time="2026-09-11 10:17:58Z" end-time="2026-09-11 10:17:58Z" duration="0.028935" asserts="0">
                <properties>
                  <property name="retryIteration" value="0" />
                  <property name="repeatIteration" value="0" />
                </properties>
              </test-case>
              <test-case id="1366" name="DailyBoundaryResetsAcceptedAndClaimedStatesButKeepsCoins" fullname="Orbis.M4.Tests.M4ProgressTests.DailyBoundaryResetsAcceptedAndClaimedStatesButKeepsCoins" methodname="DailyBoundaryResetsAcceptedAndClaimedStatesButKeepsCoins" classname="Orbis.M4.Tests.M4ProgressTests" runstate="Runnable" seed="1608719767" result="Passed" start-time="2026-09-11 10:17:58Z" end-time="2026-09-11 10:17:58Z" duration="0.022712" asserts="0">
                <properties>
                  <property name="retryIteration" value="0" />
                  <property name="repeatIteration" value="0" />
                </properties>
              </test-case>
              <test-case id="1381" name="FailedAtomicWriteRollsBackMemoryAndReportsError" fullname="Orbis.M4.Tests.M4ProgressTests.FailedAtomicWriteRollsBackMemoryAndReportsError" methodname="FailedAtomicWriteRollsBackMemoryAndReportsError" classname="Orbis.M4.Tests.M4ProgressTests" runstate="Runnable" seed="2088504367" result="Passed" start-time="2026-09-11 10:17:58Z" end-time="2026-09-11 10:17:58Z" duration="0.010975" asserts="0">
                <properties>
                  <property name="retryIteration" value="0" />
                  <property name="repeatIteration" value="0" />
                </properties>
              </test-case>
              <test-case id="1380" name="FailedPeriodWriteCannotAcceptYesterdayOrRespawnUncommittedBosses" fullname="Orbis.M4.Tests.M4ProgressTests.FailedPeriodWriteCannotAcceptYesterdayOrRespawnUncommittedBosses" methodname="FailedPeriodWriteCannotAcceptYesterdayOrRespawnUncommittedBosses" classname="Orbis.M4.Tests.M4ProgressTests" runstate="Runnable" seed="1113875554" result="Passed" start-time="2026-09-11 10:17:58Z" end-time="2026-09-11 10:17:58Z" duration="0.014381" asserts="0">
                <properties>
                  <property name="retryIteration" value="0" />
                  <property name="repeatIteration" value="0" />
                </properties>
              </test-case>
              <test-case id="1364" name="FourDistinctKindsRotateThroughAllTwentyDefinitionsInFiveDays" fullname="Orbis.M4.Tests.M4ProgressTests.FourDistinctKindsRotateThroughAllTwentyDefinitionsInFiveDays" methodname="FourDistinctKindsRotateThroughAllTwentyDefinitionsInFiveDays" classname="Orbis.M4.Tests.M4ProgressTests" runstate="Runnable" seed="1021029889" result="Passed" start-time="2026-09-11 10:17:58Z" end-time="2026-09-11 10:17:58Z" duration="0.026320" asserts="0">
                <properties>
                  <property name="retryIteration" value="0" />
                  <property name="repeatIteration" value="0" />
                </properties>
              </test-case>
              <test-case id="1379" name="FutureSaveVersionIsNotDowngradedThroughAnOldBackup" fullname="Orbis.M4.Tests.M4ProgressTests.FutureSaveVersionIsNotDowngradedThroughAnOldBackup" methodname="FutureSaveVersionIsNotDowngradedThroughAnOldBackup" classname="Orbis.M4.Tests.M4ProgressTests" runstate="Runnable" seed="407652100" result="Passed" start-time="2026-09-11 10:17:58Z" end-time="2026-09-11 10:17:58Z" duration="0.014260" asserts="0">
                <properties>
                  <property name="retryIteration" value="0" />
                  <property name="repeatIteration" value="0" />
                </properties>
              </test-case>
              <test-case id="1377" name="InvalidMainAndBackupArePreservedAndBlockProgressWrites" fullname="Orbis.M4.Tests.M4ProgressTests.InvalidMainAndBackupArePreservedAndBlockProgressWrites" methodname="InvalidMainAndBackupArePreservedAndBlockProgressWrites" classname="Orbis.M4.Tests.M4ProgressTests" runstate="Runnable" seed="34150030" result="Passed" start-time="2026-09-11 10:17:58Z" end-time="2026-09-11 10:17:58Z" duration="0.007394" asserts="0">
                <properties>
                  <property name="retryIteration" value="0" />
                  <property name="repeatIteration" value="0" />
                </properties>
              </test-case>
              <test-case id="1372" name="LaterDailyBossProofUsesWeeklyRecordButNextWeekNeedsANewVictory" fullname="Orbis.M4.Tests.M4ProgressTests.LaterDailyBossProofUsesWeeklyRecordButNextWeekNeedsANewVictory" methodname="LaterDailyBossProofUsesWeeklyRecordButNextWeekNeedsANewVictory" classname="Orbis.M4.Tests.M4ProgressTests" runstate="Runnable" seed="2031689146" result="Passed" start-time="2026-09-11 10:17:58Z" end-time="2026-09-11 10:17:58Z" duration="0.032990" asserts="0">
                <properties>
                  <property name="retryIteration" value="0" />
                  <property name="repeatIteration" value="0" />
                </properties>
              </test-case>
              <test-case id="1378" name="MissingMainUsesLastVerifiedBackupWithoutLosingItsRewards" fullname="Orbis.M4.Tests.M4ProgressTests.MissingMainUsesLastVerifiedBackupWithoutLosingItsRewards" methodname="MissingMainUsesLastVerifiedBackupWithoutLosingItsRewards" classname="Orbis.M4.Tests.M4ProgressTests" runstate="Runnable" seed="66061602" result="Passed" start-time="2026-09-11 10:17:58Z" end-time="2026-09-11 10:17:58Z" duration="0.016081" asserts="0">
                <properties>
                  <property name="retryIteration" value="0" />
                  <property name="repeatIteration" value="0" />
                </properties>
              </test-case>
              <test-case id="1365" name="OnlyAcceptedMatchingObjectivesCompleteAndRewardsAreIdempotent" fullname="Orbis.M4.Tests.M4ProgressTests.OnlyAcceptedMatchingObjectivesCompleteAndRewardsAreIdempotent" methodname="OnlyAcceptedMatchingObjectivesCompleteAndRewardsAreIdempotent" classname="Orbis.M4.Tests.M4ProgressTests" runstate="Runnable" seed="479243264" result="Passed" start-time="2026-09-11 10:17:58Z" end-time="2026-09-11 10:17:58Z" duration="0.016417" asserts="0">
                <properties>
                  <property name="retryIteration" value="0" />
                  <property name="repeatIteration" value="0" />
                </properties>
              </test-case>
              <test-case id="1373" name="ReloadPreservesCommissionStatesCoinsAndWeeklyBosses" fullname="Orbis.M4.Tests.M4ProgressTests.ReloadPreservesCommissionStatesCoinsAndWeeklyBosses" methodname="ReloadPreservesCommissionStatesCoinsAndWeeklyBosses" classname="Orbis.M4.Tests.M4ProgressTests" runstate="Runnable" seed="772271498" result="Passed" start-time="2026-09-11 10:17:58Z" end-time="2026-09-11 10:17:58Z" duration="0.028393" asserts="0">
                <properties>
                  <property name="retryIteration" value="0" />
                  <property name="repeatIteration" value="0" />
                </properties>
              </test-case>
              <test-case id="1367" name="ResetHourIsConfigurableWithoutDependingOnMachineTimezone" fullname="Orbis.M4.Tests.M4ProgressTests.ResetHourIsConfigurableWithoutDependingOnMachineTimezone" methodname="ResetHourIsConfigurableWithoutDependingOnMachineTimezone" classname="Orbis.M4.Tests.M4ProgressTests" runstate="Runnable" seed="1799892053" result="Passed" start-time="2026-09-11 10:17:58Z" end-time="2026-09-11 10:17:58Z" duration="0.009042" asserts="0">
                <properties>
                  <property name="retryIteration" value="0" />
                  <property name="repeatIteration" value="0" />
                </properties>
              </test-case>
              <test-suite type="ParameterizedMethod" id="1371" name="WeeklyBossProofCompletesCommissionBeforeOrAfterAccepting" fullname="Orbis.M4.Tests.M4ProgressTests.WeeklyBossProofCompletesCommissionBeforeOrAfterAccepting" classname="Orbis.M4.Tests.M4ProgressTests" runstate="Runnable" testcasecount="2" result="Passed" start-time="2026-09-11 10:17:58Z" end-time="2026-09-11 10:17:59Z" duration="0.034169" total="2" passed="2" failed="0" inconclusive="0" skipped="0" asserts="0">
                <properties />
                <test-case id="1369" name="WeeklyBossProofCompletesCommissionBeforeOrAfterAccepting(True)" fullname="Orbis.M4.Tests.M4ProgressTests.WeeklyBossProofCompletesCommissionBeforeOrAfterAccepting(True)" methodname="WeeklyBossProofCompletesCommissionBeforeOrAfterAccepting" classname="Orbis.M4.Tests.M4ProgressTests" runstate="Runnable" seed="876068711" result="Passed" start-time="2026-09-11 10:17:58Z" end-time="2026-09-11 10:17:58Z" duration="0.016536" asserts="0">
                  <properties>
                    <property name="retryIteration" value="0" />
                    <property name="repeatIteration" value="0" />
                  </properties>
                </test-case>
                <test-case id="1370" name="WeeklyBossProofCompletesCommissionBeforeOrAfterAccepting(False)" fullname="Orbis.M4.Tests.M4ProgressTests.WeeklyBossProofCompletesCommissionBeforeOrAfterAccepting(False)" methodname="WeeklyBossProofCompletesCommissionBeforeOrAfterAccepting" classname="Orbis.M4.Tests.M4ProgressTests" runstate="Runnable" seed="1466749881" result="Passed" start-time="2026-09-11 10:17:58Z" end-time="2026-09-11 10:17:59Z" duration="0.016866" asserts="0">
                  <properties>
                    <property name="retryIteration" value="0" />
                    <property name="repeatIteration" value="0" />
                  </properties>
                </test-case>
              </test-suite>
              <test-case id="1368" name="WeeklyBossRespawnsAtMondayBoundaryOnlyAndEachRegionPaysOnce" fullname="Orbis.M4.Tests.M4ProgressTests.WeeklyBossRespawnsAtMondayBoundaryOnlyAndEachRegionPaysOnce" methodname="WeeklyBossRespawnsAtMondayBoundaryOnlyAndEachRegionPaysOnce" classname="Orbis.M4.Tests.M4ProgressTests" runstate="Runnable" seed="788427868" result="Passed" start-time="2026-09-11 10:17:59Z" end-time="2026-09-11 10:17:59Z" duration="0.032377" asserts="0">
                <properties>
                  <property name="retryIteration" value="0" />
                  <property name="repeatIteration" value="0" />
                </properties>
              </test-case>
            </test-suite>
          </test-suite>
        </test-suite>
      </test-suite>
    </test-suite>
    <test-suite type="Assembly" id="1388" name="Unity.Addressables.DocExampleCode.Editor.Tests.dll" fullname="C:/Users/Mirim/.codex/visualizations/2026/09/10/01a08932-ad4d-7dd1-99a5-ab8a6115569e/orbis-m0/Library/ScriptAssemblies/Unity.Addressables.DocExampleCode.Editor.Tests.dll" runstate="Runnable" testcasecount="1" result="Passed" start-time="2026-09-11 10:17:59Z" end-time="2026-09-11 10:17:59Z" duration="0.001439" total="1" passed="1" failed="0" inconclusive="0" skipped="0" asserts="0">
      <properties>
        <property name="_PID" value="33480" />
        <property name="_APPDOMAIN" value="Unity Child Domain" />
        <property name="platform" value="EditMode" />
        <property name="EditorOnly" value="True" />
      </properties>
      <test-suite type="TestSuite" id="1389" name="AddressableAssets" fullname="AddressableAssets" runstate="Runnable" testcasecount="1" result="Passed" start-time="2026-09-11 10:17:59Z" end-time="2026-09-11 10:17:59Z" duration="0.000982" total="1" passed="1" failed="0" inconclusive="0" skipped="0" asserts="0">
        <properties />
        <test-suite type="TestSuite" id="1390" name="DocExampleCode" fullname="AddressableAssets.DocExampleCode" runstate="Runnable" testcasecount="1" result="Passed" start-time="2026-09-11 10:17:59Z" end-time="2026-09-11 10:17:59Z" duration="0.000789" total="1" passed="1" failed="0" inconclusive="0" skipped="0" asserts="0">
          <properties />
          <test-suite type="TestFixture" id="1386" name="TestStub" fullname="AddressableAssets.DocExampleCode.TestStub" classname="AddressableAssets.DocExampleCode.TestStub" runstate="Runnable" testcasecount="1" result="Passed" start-time="2026-09-11 10:17:59Z" end-time="2026-09-11 10:17:59Z" duration="0.000633" total="1" passed="1" failed="0" inconclusive="0" skipped="0" asserts="0">
            <properties />
            <test-case id="1387" name="RequiredTest" fullname="AddressableAssets.DocExampleCode.TestStub.RequiredTest" methodname="RequiredTest" classname="AddressableAssets.DocExampleCode.TestStub" runstate="Runnable" seed="840926419" result="Passed" start-time="2026-09-11 10:17:59Z" end-time="2026-09-11 10:17:59Z" duration="0.000136" asserts="0">
              <properties>
                <property name="retryIteration" value="0" />
                <property name="repeatIteration" value="0" />
              </properties>
              <output><![CDATA[Saving results to: C:/Users/Mirim/AppData/LocalLow/Orbis/Orbis M0\TestResults.xml
]]></output>
            </test-case>
          </test-suite>
        </test-suite>
      </test-suite>
    </test-suite>
  </test-suite>
</test-run>