<?xml version="1.0" encoding="utf-8"?>
<test-run id="2" testcasecount="1" result="Passed" total="1" passed="1" failed="0" inconclusive="0" skipped="0" asserts="0" engine-version="3.5.0.0" clr-version="4.0.30319.42000" start-time="2026-09-11 09:49:05Z" end-time="2026-09-11 09:49:11Z" duration="5.6805135">
  <test-suite type="TestSuite" id="1141" name="Orbis M0" fullname="Orbis M0" runstate="Runnable" testcasecount="70" result="Passed" start-time="2026-09-11 09:49:05Z" end-time="2026-09-11 09:49:11Z" duration="5.680514" total="1" passed="1" failed="0" inconclusive="0" skipped="0" asserts="0">
    <properties>
      <property name="platform" value="PlayMode" />
    </properties>
    <test-suite type="Assembly" id="1037" name="Orbis.Game.PlayModeTests.dll" fullname="C:/Users/Mirim/.codex/visualizations/2026/09/10/01a08932-ad4d-7dd1-99a5-ab8a6115569e/orbis-m0/Library/ScriptAssemblies/Orbis.Game.PlayModeTests.dll" runstate="Runnable" testcasecount="11" result="Passed" start-time="2026-09-11 09:49:05Z" end-time="2026-09-11 09:49:11Z" duration="5.670187" total="1" passed="1" failed="0" inconclusive="0" skipped="0" asserts="0">
      <properties>
        <property name="_PID" value="38396" />
        <property name="_APPDOMAIN" value="Unity Child Domain" />
        <property name="platform" value="PlayMode" />
        <property name="EditorOnly" value="False" />
      </properties>
      <test-suite type="TestSuite" id="1038" name="Orbis" fullname="Orbis" runstate="Runnable" testcasecount="11" result="Passed" start-time="2026-09-11 09:49:05Z" end-time="2026-09-11 09:49:11Z" duration="5.669351" total="1" passed="1" failed="0" inconclusive="0" skipped="0" asserts="0">
        <properties />
        <test-suite type="TestSuite" id="1039" name="Game" fullname="Orbis.Game" runstate="Runnable" testcasecount="11" result="Passed" start-time="2026-09-11 09:49:05Z" end-time="2026-09-11 09:49:11Z" duration="5.668809" total="1" passed="1" failed="0" inconclusive="0" skipped="0" asserts="0">
          <properties />
          <test-suite type="TestSuite" id="1040" name="Tests" fullname="Orbis.Game.Tests" runstate="Runnable" testcasecount="11" result="Passed" start-time="2026-09-11 09:49:05Z" end-time="2026-09-11 09:49:11Z" duration="5.668323" total="1" passed="1" failed="0" inconclusive="0" skipped="0" asserts="0">
            <properties />
            <test-suite type="TestFixture" id="1035" name="WorldWeatherTests" fullname="Orbis.Game.Tests.WorldWeatherTests" classname="Orbis.Game.Tests.WorldWeatherTests" runstate="Runnable" testcasecount="1" result="Passed" start-time="2026-09-11 09:49:05Z" end-time="2026-09-11 09:49:11Z" duration="5.659966" total="1" passed="1" failed="0" inconclusive="0" skipped="0" asserts="0">
              <properties />
              <test-case id="1036" name="WeatherBlendsContinuouslyAndSurvivesRealEnvironmentStreamingWithoutChangingTheParty" fullname="Orbis.Game.Tests.WorldWeatherTests.WeatherBlendsContinuouslyAndSurvivesRealEnvironmentStreamingWithoutChangingTheParty" methodname="WeatherBlendsContinuouslyAndSurvivesRealEnvironmentStreamingWithoutChangingTheParty" classname="Orbis.Game.Tests.WorldWeatherTests" runstate="Runnable" seed="2134279668" result="Passed" start-time="2026-09-11 09:49:05Z" end-time="2026-09-11 09:49:11Z" duration="5.644895" asserts="0">
                <properties>
                  <property name="_JOINTYPE" value="UnityCombinatorial" />
                  <property name="retryIteration" value="0" />
                  <property name="repeatIteration" value="0" />
                </properties>
                <output><![CDATA[Saving results to: C:/Users/Mirim/AppData/LocalLow/Orbis/Orbis M0\TestResults.xml
]]></output>
              </test-case>
            </test-suite>
          </test-suite>
        </test-suite>
      </test-suite>
    </test-suite>
  </test-suite>
</test-run>