<?xml version="1.0" encoding="utf-8"?>
<test-run id="2" testcasecount="1" result="Passed" total="1" passed="1" failed="0" inconclusive="0" skipped="0" asserts="0" engine-version="3.5.0.0" clr-version="4.0.30319.42000" start-time="2026-09-11 08:21:56Z" end-time="2026-09-11 08:21:56Z" duration="0.2021101">
  <test-suite type="TestSuite" id="1000" name="Orbis M0" fullname="Orbis M0" runstate="Runnable" testcasecount="292" result="Passed" start-time="2026-09-11 08:21:56Z" end-time="2026-09-11 08:21:56Z" duration="0.202110" total="1" passed="1" failed="0" inconclusive="0" skipped="0" asserts="0">
    <properties>
      <property name="platform" value="EditMode" />
    </properties>
    <test-suite type="Assembly" id="1020" name="Orbis.Game.WorldEditModeTests.dll" fullname="C:/Users/Mirim/.codex/visualizations/2026/09/10/01a08932-ad4d-7dd1-99a5-ab8a6115569e/orbis-m0/Library/ScriptAssemblies/Orbis.Game.WorldEditModeTests.dll" runstate="Runnable" testcasecount="4" result="Passed" start-time="2026-09-11 08:21:56Z" end-time="2026-09-11 08:21:56Z" duration="0.191107" total="1" passed="1" failed="0" inconclusive="0" skipped="0" asserts="0">
      <properties>
        <property name="_PID" value="55796" />
        <property name="_APPDOMAIN" value="Unity Child Domain" />
        <property name="platform" value="EditMode" />
        <property name="EditorOnly" value="True" />
      </properties>
      <test-suite type="TestSuite" id="1021" name="Orbis" fullname="Orbis" runstate="Runnable" testcasecount="4" result="Passed" start-time="2026-09-11 08:21:56Z" end-time="2026-09-11 08:21:56Z" duration="0.190727" total="1" passed="1" failed="0" inconclusive="0" skipped="0" asserts="0">
        <properties />
        <test-suite type="TestSuite" id="1022" name="Game" fullname="Orbis.Game" runstate="Runnable" testcasecount="4" result="Passed" start-time="2026-09-11 08:21:56Z" end-time="2026-09-11 08:21:56Z" duration="0.190516" total="1" passed="1" failed="0" inconclusive="0" skipped="0" asserts="0">
          <properties />
          <test-suite type="TestSuite" id="1023" name="Tests" fullname="Orbis.Game.Tests" runstate="Runnable" testcasecount="4" result="Passed" start-time="2026-09-11 08:21:56Z" end-time="2026-09-11 08:21:56Z" duration="0.190268" total="1" passed="1" failed="0" inconclusive="0" skipped="0" asserts="0">
            <properties />
            <test-suite type="TestFixture" id="1018" name="WorldGrassDataTests" fullname="Orbis.Game.Tests.WorldGrassDataTests" classname="Orbis.Game.Tests.WorldGrassDataTests" runstate="Runnable" testcasecount="1" result="Passed" start-time="2026-09-11 08:21:56Z" end-time="2026-09-11 08:21:56Z" duration="0.189255" total="1" passed="1" failed="0" inconclusive="0" skipped="0" asserts="0">
              <properties />
              <test-case id="1019" name="SampledPlacementsSurviveBinaryAssetRoundTripAcrossNegativeCells" fullname="Orbis.Game.Tests.WorldGrassDataTests.SampledPlacementsSurviveBinaryAssetRoundTripAcrossNegativeCells" methodname="SampledPlacementsSurviveBinaryAssetRoundTripAcrossNegativeCells" classname="Orbis.Game.Tests.WorldGrassDataTests" runstate="Runnable" seed="954991999" result="Passed" start-time="2026-09-11 08:21:56Z" end-time="2026-09-11 08:21:56Z" duration="0.177518" asserts="0">
                <properties>
                  <property name="retryIteration" value="0" />
                  <property name="repeatIteration" value="0" />
                </properties>
                <output><![CDATA[Saving results to: C:/Users/Mirim/AppData/LocalLow/Orbis/Orbis M0\TestResults.xml
]]></output>
              </test-case>
            </test-suite>
          </test-suite>
        </test-suite>
      </test-suite>
    </test-suite>
  </test-suite>
</test-run>